[2012-09-12 20:13:29] avosoft.ERROR: No route found for "GET /vendor/jquery/jquery.js" [] []
[2012-09-12 20:13:29] avosoft.ERROR: No route found for "GET /css/style.css" [] []
[2012-09-12 20:13:29] avosoft.ERROR: No route found for "GET /vendor/bootstrap/js/bootstrap.min.js" [] []
[2012-09-12 20:13:29] avosoft.ERROR: No route found for "GET /vendor/bootstrap/js/bootstrap.min.js" [] []
[2012-09-12 20:13:29] avosoft.ERROR: No route found for "GET /css/style.css" [] []
[2012-09-12 18:28:19] avosoft.ERROR: No route found for "GET /vendor/jquery/jquery.js" [] []
[2012-09-12 18:28:19] avosoft.ERROR: No route found for "GET /vendor/bootstrap/js/bootstrap.min.js" [] []
[2012-09-12 18:28:19] avosoft.ERROR: No route found for "GET /css/style.css" [] []
[2012-09-12 18:28:19] avosoft.ERROR: No route found for "GET /vendor/bootstrap/js/bootstrap.min.js" [] []
[2012-09-12 18:28:19] avosoft.ERROR: No route found for "GET /css/style.css" [] []
[2012-09-12 18:28:20] avosoft.ERROR: No route found for "GET /vendor/bootstrap/js/bootstrap.min.js" [] []
[2012-09-12 18:28:20] avosoft.ERROR: No route found for "GET /vendor/jquery/jquery.js" [] []
[2012-09-12 18:28:20] avosoft.ERROR: No route found for "GET /css/style.css" [] []
[2012-09-12 18:28:20] avosoft.ERROR: No route found for "GET /vendor/bootstrap/js/bootstrap.min.js" [] []
[2012-09-12 18:28:20] avosoft.ERROR: No route found for "GET /css/style.css" [] []
[2012-09-12 18:28:21] avosoft.ERROR: No route found for "GET /css/style.css" [] []
[2012-09-12 18:28:21] avosoft.ERROR: No route found for "GET /vendor/bootstrap/js/bootstrap.min.js" [] []
[2012-09-12 18:28:21] avosoft.ERROR: No route found for "GET /vendor/jquery/jquery.js" [] []
[2012-09-12 18:28:21] avosoft.ERROR: No route found for "GET /vendor/bootstrap/js/bootstrap.min.js" [] []
[2012-09-12 18:28:21] avosoft.ERROR: No route found for "GET /css/style.css" [] []
[%datetime%] avosoft.ERROR: No route found for "GET /vendor/jquery/jquery.js" [] []
[%datetime%] avosoft.ERROR: No route found for "GET /vendor/bootstrap/js/bootstrap.min.js" [] []
[%datetime%] avosoft.ERROR: No route found for "GET /css/style.css" [] []
[%datetime%] avosoft.ERROR: No route found for "GET /css/style.css" [] []
[2012-09-13 11:25:48] avosoft.ERROR: No route found for "GET /css/style.css" [] []
[2012-09-13 11:25:48] avosoft.ERROR: No route found for "GET /vendor/jquery/jquery.js" [] []
[2012-09-13 11:25:48] avosoft.ERROR: No route found for "GET /vendor/bootstrap/js/bootstrap.min.js" [] []
[2012-09-13 11:25:48] avosoft.ERROR: No route found for "GET /vendor/bootstrap/js/bootstrap.min.js" [] []
[2012-09-13 11:25:48] avosoft.ERROR: No route found for "GET /css/style.css" [] []
[2012-09-13 11:32:14] avosoft.ERROR: No route found for "GET /vendor/bootstrap/js/bootstrap.min.js" [] []
[2012-09-13 11:32:14] avosoft.ERROR: No route found for "GET /css/style.css" [] []
[2012-09-13 11:32:14] avosoft.ERROR: No route found for "GET /vendor/jquery/jquery.js" [] []
[2012-09-13 11:32:14] avosoft.ERROR: No route found for "GET /vendor/bootstrap/js/bootstrap.min.js" [] []
[2012-09-13 11:32:15] avosoft.ERROR: No route found for "GET /css/style.css" [] []
[2012-09-13 11:32:15] avosoft.ERROR: No route found for "GET /vendor/jquery/jquery.js" [] []
[2012-09-13 11:32:15] avosoft.ERROR: No route found for "GET /vendor/bootstrap/js/bootstrap.min.js" [] []
[2012-09-13 11:32:15] avosoft.ERROR: No route found for "GET /css/style.css" [] []
[2012-09-13 11:32:17] avosoft.ERROR: No route found for "GET /vendor/jquery/jquery.js" [] []
[2012-09-13 11:32:17] avosoft.ERROR: No route found for "GET /vendor/bootstrap/js/bootstrap.min.js" [] []
[2012-09-13 11:32:17] avosoft.ERROR: No route found for "GET /css/style.css" [] []
[2012-09-13 11:32:17] avosoft.ERROR: No route found for "GET /css/style.css" [] []
[2012-09-13 11:32:18] avosoft.ERROR: No route found for "GET /vendor/bootstrap/js/bootstrap.min.js" [] []
[2012-09-13 11:32:18] avosoft.ERROR: No route found for "GET /css/style.css" [] []
[2012-09-13 11:32:18] avosoft.ERROR: No route found for "GET /vendor/jquery/jquery.js" [] []
[2012-09-13 11:32:18] avosoft.ERROR: No route found for "GET /vendor/bootstrap/js/bootstrap.min.js" [] []
[2012-09-13 11:32:18] avosoft.ERROR: No route found for "GET /css/style.css" [] []
[2012-09-13 11:32:19] avosoft.ERROR: No route found for "GET /vendor/bootstrap/js/bootstrap.min.js" [] []
[2012-09-13 11:32:19] avosoft.ERROR: No route found for "GET /css/style.css" [] []
[2012-09-13 11:32:19] avosoft.ERROR: No route found for "GET /vendor/jquery/jquery.js" [] []
[2012-09-13 11:32:19] avosoft.ERROR: No route found for "GET /vendor/bootstrap/js/bootstrap.min.js" [] []
[2012-09-13 11:32:19] avosoft.ERROR: No route found for "GET /css/style.css" [] []
[2012-09-13 11:34:36] avosoft.ERROR: No route found for "GET /vendor/bootstrap/js/bootstrap.min.js" [] []
[2012-09-13 11:34:36] avosoft.ERROR: No route found for "GET /vendor/jquery/jquery.js" [] []
[2012-09-13 11:34:36] avosoft.ERROR: No route found for "GET /css/style.css" [] []
[2012-09-13 11:34:36] avosoft.ERROR: No route found for "GET /css/style.css" [] []
[2012-09-13 11:34:37] avosoft.ERROR: No route found for "GET /vendor/bootstrap/js/bootstrap.min.js" [] []
[2012-09-13 11:34:37] avosoft.ERROR: No route found for "GET /css/style.css" [] []
[2012-09-13 11:34:37] avosoft.ERROR: No route found for "GET /vendor/jquery/jquery.js" [] []
[2012-09-13 11:34:37] avosoft.ERROR: No route found for "GET /vendor/bootstrap/js/bootstrap.min.js" [] []
[2012-09-13 11:34:37] avosoft.ERROR: No route found for "GET /css/style.css" [] []
[2012-09-13 09:37:00] avosoft.ERROR: No route found for "GET /vendor/jquery/jquery.js" [] []
[2012-09-13 09:37:00] avosoft.ERROR: No route found for "GET /css/style.css" [] []
[2012-09-13 09:37:00] avosoft.ERROR: No route found for "GET /vendor/bootstrap/js/bootstrap.min.js" [] []
[2012-09-13 09:37:00] avosoft.ERROR: No route found for "GET /vendor/bootstrap/js/bootstrap.min.js" [] []
[2012-09-13 09:37:00] avosoft.ERROR: No route found for "GET /css/style.css" [] []
[2012-09-13 09:37:02] avosoft.ERROR: No route found for "GET /vendor/bootstrap/js/bootstrap.min.js" [] []
[2012-09-13 09:37:02] avosoft.ERROR: No route found for "GET /css/style.css" [] []
[2012-09-13 09:37:02] avosoft.ERROR: No route found for "GET /vendor/jquery/jquery.js" [] []
[2012-09-13 09:37:02] avosoft.ERROR: No route found for "GET /vendor/bootstrap/js/bootstrap.min.js" [] []
[2012-09-13 09:37:02] avosoft.ERROR: No route found for "GET /css/style.css" [] []
[false] avosoft.ERROR: No route found for "GET /css/style.css" [] []
[false] avosoft.ERROR: No route found for "GET /vendor/bootstrap/js/bootstrap.min.js" [] []
[false] avosoft.ERROR: No route found for "GET /vendor/jquery/jquery.js" [] []
[false] avosoft.ERROR: No route found for "GET /vendor/bootstrap/js/bootstrap.min.js" [] []
[false] avosoft.ERROR: No route found for "GET /css/style.css" [] []
[false] avosoft.ERROR: No route found for "GET /css/style.css" [] []
[false] avosoft.ERROR: No route found for "GET /vendor/jquery/jquery.js" [] []
[false] avosoft.ERROR: No route found for "GET /vendor/bootstrap/js/bootstrap.min.js" [] []
[false] avosoft.ERROR: No route found for "GET /vendor/bootstrap/js/bootstrap.min.js" [] []
[false] avosoft.ERROR: No route found for "GET /css/style.css" [] []
[false] avosoft.ERROR: No route found for "GET /css/style.css" [] []
[false] avosoft.ERROR: No route found for "GET /vendor/bootstrap/js/bootstrap.min.js" [] []
[false] avosoft.ERROR: No route found for "GET /vendor/jquery/jquery.js" [] []
[false] avosoft.ERROR: No route found for "GET /vendor/bootstrap/js/bootstrap.min.js" [] []
[false] avosoft.ERROR: No route found for "GET /css/style.css" [] []
[false] avosoft.ERROR: No route found for "GET /vendor/jquery/jquery.js" [] []
[false] avosoft.ERROR: No route found for "GET /vendor/bootstrap/js/bootstrap.min.js" [] []
[false] avosoft.ERROR: No route found for "GET /css/style.css" [] []
[false] avosoft.ERROR: No route found for "GET /vendor/bootstrap/js/bootstrap.min.js" [] []
[false] avosoft.ERROR: No route found for "GET /css/style.css" [] []
[false] avosoft.ERROR: No route found for "GET /vendor/jquery/jquery.js" [] []
[false] avosoft.ERROR: No route found for "GET /vendor/bootstrap/js/bootstrap.min.js" [] []
[false] avosoft.ERROR: No route found for "GET /css/style.css" [] []
[false] avosoft.ERROR: No route found for "GET /vendor/bootstrap/js/bootstrap.min.js" [] []
[false] avosoft.ERROR: No route found for "GET /css/style.css" [] []
[false] avosoft.ERROR: No route found for "GET /public/jquery/jquery.js" [] []
[false] avosoft.ERROR: No route found for "GET /css/style.css" [] []
[false] avosoft.ERROR: No route found for "GET /public/jquery/jquery.js" [] []
[false] avosoft.ERROR: No route found for "GET /css/style.css" [] []
[false] avosoft.ERROR: No route found for "GET /css/style.css" [] []
[false] avosoft.ERROR: No route found for "GET /css/style.css" [] []
[false] avosoft.ERROR: No route found for "GET /public/jquery/jquery.js" [] []
[false] avosoft.ERROR: No route found for "GET /css/style.css" [] []
[false] avosoft.ERROR: No route found for "GET /css/style.css" [] []
[false] avosoft.ERROR: No route found for "GET /public/jquery/jquery.js" [] []
[false] avosoft.ERROR: No route found for "GET /css/style.css" [] []
[false] avosoft.ERROR: No route found for "GET /public/jquery/jquery.js" [] []
[false] avosoft.ERROR: No route found for "GET /css/style.css" [] []
[false] avosoft.ERROR: No route found for "GET /css/style.css" [] []
[false] avosoft.ERROR: An exception has been thrown during the rendering of a template ("DateTime::__construct(): Failed to parse time string (d M Y) at position 4 (Y): Double timezone specification") in "index/index.twig". [] []
[false] avosoft.ERROR: An exception has been thrown during the rendering of a template ("DateTime::__construct(): Failed to parse time string (d m Y) at position 4 (Y): Double timezone specification") in "index/index.twig". [] []
[false] avosoft.ERROR: An exception has been thrown during the rendering of a template ("DateTime::__construct(): It is not safe to rely on the system's timezone settings. You are *required* to use the date.timezone setting or the date_default_timezone_set() function. In case you used any of those methods and you are still getting this warning, you most likely misspelled the timezone identifier. We selected 'Europe/Berlin' for 'CEST/2.0/DST' instead") in "index/index.twig". [] []
[false] avosoft.ERROR: An exception has been thrown during the rendering of a template ("DateTime::__construct(): It is not safe to rely on the system's timezone settings. You are *required* to use the date.timezone setting or the date_default_timezone_set() function. In case you used any of those methods and you are still getting this warning, you most likely misspelled the timezone identifier. We selected 'Europe/Berlin' for 'CEST/2.0/DST' instead") in "index/index.twig". [] []
[false] avosoft.ERROR: No route found for "GET /public/jquery/jquery.js" [] []
[2012-09-13 13:03:30] avosoft.ERROR: No route found for "GET /public/jquery/jquery.js" [] []
[2012-09-13 13:03:31] avosoft.ERROR: No route found for "GET /public/jquery/jquery.js" [] []
[2012-09-13 13:04:23] avosoft.ERROR: An exception has been thrown during the rendering of a template ("DateTime::__construct(): Failed to parse time string (d M Y) at position 4 (Y): Double timezone specification") in "index/index.twig". [] []
[2012-09-13 13:05:46] avosoft.ERROR: An exception has been thrown during the rendering of a template ("DateTime::__construct(): Failed to parse time string (d/M/Y) at position 1 (/): Unexpected character") in "index/index.twig". [] []
[2012-09-13 13:05:47] avosoft.ERROR: An exception has been thrown during the rendering of a template ("DateTime::__construct(): Failed to parse time string (d/M/Y) at position 1 (/): Unexpected character") in "index/index.twig". [] []
[2012-09-13 13:06:41] avosoft.ERROR: Unknown tag name "date" in "layout.twig" at line 27 [] []
[2012-09-13 13:06:42] avosoft.ERROR: Unknown tag name "date" in "layout.twig" at line 27 [] []
[2012-09-13 13:07:31] avosoft.ERROR: No route found for "GET /public/jquery/jquery.js" [] []
[2012-09-13 13:07:31] avosoft.ERROR: No route found for "GET /css/style.css" [] []
[2012-09-13 13:07:31] avosoft.ERROR: No route found for "GET /css/style.css" [] []
[2012-09-13 13:21:39] avosoft.ERROR: No route found for "GET /css/style.css" [] []
[2012-09-13 13:21:39] avosoft.ERROR: No route found for "GET /public/jquery/jquery.js" [] []
[2012-09-13 13:21:39] avosoft.ERROR: No route found for "GET /css/style.css" [] []
[2012-09-13 13:21:40] avosoft.ERROR: No route found for "GET /public/jquery/jquery.js" [] []
[2012-09-13 13:21:40] avosoft.ERROR: No route found for "GET /css/style.css" [] []
[2012-09-13 13:21:40] avosoft.ERROR: No route found for "GET /css/style.css" [] []
[2012-09-13 19:44:20] avosoft.ERROR: Identifier "twig" is not defined. [] []
[2012-09-13 20:28:29] avosoft.ERROR: No route found for "GET /public/jquery/jquery.js" [] []
[2012-09-13 20:28:29] avosoft.ERROR: No route found for "GET /css/style.css" [] []
[2012-09-13 20:28:29] avosoft.ERROR: No route found for "GET /css/style.css" [] []
[2012-09-13 20:29:41] avosoft.ERROR: No route found for "GET /public/jquery/jquery.js" [] []
[2012-09-13 20:29:41] avosoft.ERROR: No route found for "GET /css/style.css" [] []
[2012-09-13 20:29:41] avosoft.ERROR: No route found for "GET /css/style.css" [] []
[2012-09-13 20:34:03] avosoft.ERROR: No route found for "GET /css/style.css" [] []
[2012-09-13 20:34:03] avosoft.ERROR: No route found for "GET /public/jquery/jquery.js" [] []
[2012-09-13 20:34:03] avosoft.ERROR: No route found for "GET /css/style.css" [] []
[2012-09-13 20:34:39] avosoft.ERROR: No route found for "GET /public/jquery/jquery.js" [] []
[2012-09-13 20:34:39] avosoft.ERROR: No route found for "GET /css/style.css" [] []
[2012-09-13 20:36:15] avosoft.ERROR: No route found for "GET /css/style.css" [] []
[2012-09-13 20:36:15] avosoft.ERROR: No route found for "GET /public/jquery/jquery.js" [] []
[2012-09-13 20:36:15] avosoft.ERROR: No route found for "GET /css/style.css" [] []
[2012-09-13 20:37:53] avosoft.ERROR: No route found for "GET /public/jquery/jquery.js" [] []
[2012-09-13 20:37:53] avosoft.ERROR: No route found for "GET /css/style.css" [] []
[2012-09-13 20:37:53] avosoft.ERROR: No route found for "GET /css/style.css" [] []
[2012-09-13 20:41:04] avosoft.ERROR: No route found for "GET /css/style.css" [] []
[2012-09-13 20:41:04] avosoft.ERROR: No route found for "GET /css/style.css" [] []
[2012-09-13 20:42:28] avosoft.ERROR: No route found for "GET /css/style.css" [] []
[2012-09-13 20:42:28] avosoft.ERROR: No route found for "GET /css/style.css" [] []
[2012-09-13 20:45:37] avosoft.ERROR: No route found for "GET /css/style.css" [] []
[2012-09-13 20:45:37] avosoft.ERROR: No route found for "GET /css/style.css" [] []
[2012-09-13 20:46:02] avosoft.ERROR: No route found for "GET /css/style.css" [] []
[2012-09-13 20:46:02] avosoft.ERROR: No route found for "GET /css/style.css" [] []
[2012-09-13 20:47:28] avosoft.ERROR: No route found for "GET /css/style.css" [] []
[2012-09-13 20:47:28] avosoft.ERROR: No route found for "GET /css/style.css" [] []
[2012-09-13 20:47:31] avosoft.ERROR: No route found for "GET /about/" [] []
[2012-09-13 20:48:05] avosoft.ERROR: No route found for "GET /css/style.css" [] []
[2012-09-13 20:48:05] avosoft.ERROR: No route found for "GET /css/style.css" [] []
[2012-09-13 20:48:07] avosoft.ERROR: No route found for "GET /index" [] []
[2012-09-13 20:49:52] avosoft.ERROR: No route found for "GET /css/style.css" [] []
[2012-09-13 20:49:52] avosoft.ERROR: No route found for "GET /css/style.css" [] []
[2012-09-13 20:49:54] avosoft.ERROR: No route found for "GET /css/style.css" [] []
[2012-09-13 20:49:54] avosoft.ERROR: No route found for "GET /css/style.css" [] []
[2012-09-13 20:49:56] avosoft.ERROR: No route found for "GET /css/style.css" [] []
[2012-09-13 20:49:56] avosoft.ERROR: No route found for "GET /css/style.css" [] []
[2012-09-13 20:49:58] avosoft.ERROR: No route found for "GET /css/style.css" [] []
[2012-09-13 20:49:58] avosoft.ERROR: No route found for "GET /css/style.css" [] []
[2012-09-13 20:49:59] avosoft.ERROR: No route found for "GET /css/style.css" [] []
[2012-09-13 20:49:59] avosoft.ERROR: No route found for "GET /css/style.css" [] []
[2012-09-13 20:49:59] avosoft.ERROR: No route found for "GET /css/style.css" [] []
[2012-09-13 20:49:59] avosoft.ERROR: No route found for "GET /css/style.css" [] []
[2012-09-13 20:50:03] avosoft.ERROR: No route found for "GET /css/style.css" [] []
[2012-09-13 20:50:03] avosoft.ERROR: No route found for "GET /css/style.css" [] []
[2012-09-13 20:50:05] avosoft.ERROR: No route found for "GET /css/style.css" [] []
[2012-09-13 20:50:05] avosoft.ERROR: No route found for "GET /css/style.css" [] []
[2012-09-13 20:50:05] avosoft.ERROR: No route found for "GET /css/style.css" [] []
[2012-09-13 20:50:05] avosoft.ERROR: No route found for "GET /css/style.css" [] []
[2012-09-13 20:51:34] avosoft.ERROR: No route found for "GET /css/style.css" [] []
[2012-09-13 20:51:34] avosoft.ERROR: No route found for "GET /css/style.css" [] []
[2012-09-13 20:51:36] avosoft.ERROR: No route found for "GET /css/style.css" [] []
[2012-09-13 20:51:36] avosoft.ERROR: No route found for "GET /css/style.css" [] []
[2012-09-13 20:51:38] avosoft.ERROR: No route found for "GET /css/style.css" [] []
[2012-09-13 20:51:38] avosoft.ERROR: No route found for "GET /css/style.css" [] []
[2012-09-13 20:51:51] avosoft.ERROR: No route found for "GET /css/style.css" [] []
[2012-09-13 20:51:51] avosoft.ERROR: No route found for "GET /css/style.css" [] []
[2012-09-13 20:51:58] avosoft.ERROR: No route found for "GET /css/style.css" [] []
[2012-09-13 20:51:58] avosoft.ERROR: No route found for "GET /css/style.css" [] []
[2012-09-13 21:00:14] avosoft.ERROR: No route found for "GET /bootstrap/js/bootstrap-transitions" [] []
[2012-09-13 21:00:14] avosoft.ERROR: No route found for "GET /bootstrap/js/bootstrap-transitions" [] []
[2012-09-13 21:04:11] avosoft.ERROR: No route found for "GET /bootstrap/js/bootstrap-transitions" [] []
[2012-09-13 21:04:11] avosoft.ERROR: No route found for "GET /bootstrap/js/bootstrap-transitions" [] []
[2012-09-13 21:04:19] avosoft.ERROR: No route found for "GET /bootstrap/js/bootstrap-transitions" [] []
[2012-09-13 21:04:20] avosoft.ERROR: No route found for "GET /bootstrap/js/bootstrap-transitions" [] []
[2012-09-13 21:04:20] avosoft.ERROR: No route found for "GET /bootstrap/js/bootstrap-transitions" [] []
[2012-09-13 21:04:20] avosoft.ERROR: No route found for "GET /bootstrap/js/bootstrap-transitions" [] []
[2012-09-13 21:22:43] avosoft.ERROR: No route found for "GET /bootstrap/js/bootstrap-transitions" [] []
[2012-09-13 21:22:43] avosoft.ERROR: No route found for "GET /bootstrap/js/bootstrap-transitions" [] []
[2012-09-13 21:22:44] avosoft.ERROR: No route found for "GET /bootstrap/js/bootstrap-transitions" [] []
[2012-09-13 21:22:44] avosoft.ERROR: No route found for "GET /bootstrap/js/bootstrap-transitions" [] []
[2012-09-14 12:15:09] avosoft.ERROR: No route found for "GET /" [] []
[2012-09-14 12:15:17] avosoft.ERROR: No route found for "GET /bootstrap/js/bootstrap-transitions" [] []
[2012-09-14 12:15:17] avosoft.ERROR: No route found for "GET /bootstrap/js/bootstrap-transitions" [] []
[2012-09-14 12:15:22] avosoft.ERROR: No route found for "GET /" [] []
[2012-09-14 12:15:58] avosoft.ERROR: No route found for "GET /bootstrap/js/bootstrap-transitions" [] []
[2012-09-14 12:15:58] avosoft.ERROR: No route found for "GET /bootstrap/js/bootstrap-transitions" [] []
[2012-09-14 12:16:01] avosoft.ERROR: No route found for "GET /bootstrap/js/bootstrap-transitions" [] []
[2012-09-14 12:16:01] avosoft.ERROR: No route found for "GET /bootstrap/js/bootstrap-transitions" [] []
[2012-09-14 12:16:07] avosoft.ERROR: No route found for "GET /bootstrap/js/bootstrap-transitions" [] []
[2012-09-14 12:16:07] avosoft.ERROR: No route found for "GET /bootstrap/js/bootstrap-transitions" [] []
[2012-09-14 12:16:08] avosoft.ERROR: No route found for "GET /bootstrap/js/bootstrap-transitions" [] []
[2012-09-14 12:16:08] avosoft.ERROR: No route found for "GET /bootstrap/js/bootstrap-transitions" [] []
[2012-09-14 12:16:08] avosoft.ERROR: No route found for "GET /bootstrap/js/bootstrap-transitions" [] []
[2012-09-14 12:16:09] avosoft.ERROR: No route found for "GET /bootstrap/js/bootstrap-transitions" [] []
[2012-09-14 12:16:12] avosoft.ERROR: No route found for "GET /bootstrap/js/bootstrap-transitions" [] []
[2012-09-14 12:16:12] avosoft.ERROR: No route found for "GET /bootstrap/js/bootstrap-transitions" [] []
[2012-09-14 12:16:13] avosoft.ERROR: No route found for "GET /bootstrap/js/bootstrap-transitions" [] []
[2012-09-14 12:16:13] avosoft.ERROR: No route found for "GET /bootstrap/js/bootstrap-transitions" [] []
[2012-09-14 12:16:55] avosoft.ERROR: No route found for "GET /bootstrap/js/bootstrap-transitions" [] []
[2012-09-14 12:16:56] avosoft.ERROR: No route found for "GET /bootstrap/js/bootstrap-transitions" [] []
[2012-09-14 12:16:57] avosoft.ERROR: No route found for "GET /bootstrap/js/bootstrap-transitions" [] []
[2012-09-14 12:16:57] avosoft.ERROR: No route found for "GET /bootstrap/js/bootstrap-transitions" [] []
[2012-09-14 12:17:01] avosoft.ERROR: No route found for "GET /bootstrap/js/bootstrap-transitions" [] []
[2012-09-14 12:17:03] avosoft.ERROR: No route found for "GET /bootstrap/js/bootstrap-transitions" [] []
[2012-09-14 12:17:03] avosoft.ERROR: No route found for "GET /bootstrap/js/bootstrap-transitions" [] []
[2012-09-14 12:17:09] avosoft.ERROR: No route found for "GET /bootstrap/js/bootstrap-transitions" [] []
[2012-09-14 12:17:09] avosoft.ERROR: No route found for "GET /bootstrap/js/bootstrap-transitions" [] []
[2012-09-14 12:17:10] avosoft.ERROR: No route found for "GET /bootstrap/js/bootstrap-transitions" [] []
[2012-09-14 12:17:10] avosoft.ERROR: No route found for "GET /bootstrap/js/bootstrap-transitions" [] []
[2012-09-14 12:18:24] avosoft.ERROR: No route found for "GET /bootstrap/js/bootstrap-transitions" [] []
[2012-09-14 12:18:25] avosoft.ERROR: No route found for "GET /bootstrap/js/bootstrap-transitions" [] []
[2012-09-14 12:20:20] avosoft.ERROR: No route found for "GET /bootstrap/js/bootstrap-transitions" [] []
[2012-09-14 12:20:20] avosoft.ERROR: No route found for "GET /bootstrap/js/bootstrap-transitions" [] []
[2012-09-14 12:21:31] avosoft.ERROR: No route found for "GET /bootstrap/js/bootstrap-transitions" [] []
[2012-09-14 12:21:31] avosoft.ERROR: No route found for "GET /bootstrap/js/bootstrap-transitions" [] []
[2012-09-14 12:22:23] avosoft.ERROR: No route found for "GET /bootstrap/js/bootstrap-transitions.js" [] []
[2012-09-14 12:22:23] avosoft.ERROR: No route found for "GET /bootstrap/js/bootstrap-transitions.js" [] []
[2012-09-14 12:24:43] avosoft.ERROR: No route found for "GET /bootstrap/js/bootstrap-transitions.js" [] []
[2012-09-14 12:24:43] avosoft.ERROR: No route found for "GET /bootstrap/js/bootstrap-transitions.js" [] []
[2012-09-14 12:25:43] avosoft.ERROR: No route found for "GET /bootstrap/js/bootstrap-transitions.js" [] []
[2012-09-14 12:25:44] avosoft.ERROR: No route found for "GET /bootstrap/js/bootstrap-transitions.js" [] []
[2012-09-14 12:25:55] avosoft.ERROR: No route found for "GET /bootstrap/js/bootstrap-transitions.js" [] []
[2012-09-14 12:25:55] avosoft.ERROR: No route found for "GET /bootstrap/js/bootstrap-transitions.js" [] []
[2012-09-14 12:25:56] avosoft.ERROR: No route found for "GET /bootstrap/js/bootstrap-transitions.js" [] []
[2012-09-14 12:25:56] avosoft.ERROR: No route found for "GET /bootstrap/js/bootstrap-transitions.js" [] []
[2012-09-14 12:30:52] avosoft.ERROR: No route found for "GET /bootstrap/js/bootstrap-transitions.js" [] []
[2012-09-14 12:30:52] avosoft.ERROR: No route found for "GET /bootstrap/js/bootstrap-transitions.js" [] []
[2012-09-14 12:30:54] avosoft.ERROR: No route found for "GET /bootstrap/js/bootstrap-transitions.js" [] []
[2012-09-14 12:30:54] avosoft.ERROR: No route found for "GET /bootstrap/js/bootstrap-transitions.js" [] []
[2012-09-14 12:31:23] avosoft.ERROR: No route found for "GET /bootstrap/js/bootstrap-transitions.js" [] []
[2012-09-14 12:31:23] avosoft.ERROR: No route found for "GET /bootstrap/js/bootstrap-transitions.js" [] []
[2012-09-14 12:33:17] avosoft.ERROR: No route found for "GET /bootstrap/js/bootstrap-transitions.js" [] []
[2012-09-14 12:33:17] avosoft.ERROR: No route found for "GET /bootstrap/js/bootstrap-transitions.js" [] []
[2012-09-14 12:49:05] avosoft.ERROR: No route found for "GET /bootstrap/js/bootstrap-transitions.js" [] []
[2012-09-14 12:49:05] avosoft.ERROR: No route found for "GET /bootstrap/js/bootstrap-transitions.js" [] []
[2012-09-14 14:26:59] avosoft.ERROR: No route found for "GET /bootstrap/js/bootstrap-transitions.js" [] []
[2012-09-14 14:26:59] avosoft.ERROR: No route found for "GET /bootstrap/js/bootstrap-transitions.js" [] []
[2012-09-14 14:27:38] avosoft.ERROR: No route found for "GET /bootstrap/js/bootstrap-transitions.js" [] []
[2012-09-14 14:27:38] avosoft.ERROR: No route found for "GET /bootstrap/js/bootstrap-transitions.js" [] []
[2012-09-14 14:27:45] avosoft.ERROR: No route found for "GET /bootstrap/js/bootstrap-transitions.js" [] []
[2012-09-14 14:27:45] avosoft.ERROR: No route found for "GET /bootstrap/js/bootstrap-transitions.js" [] []
[2012-09-14 14:28:09] avosoft.ERROR: No route found for "GET /bootstrap/js/bootstrap-transitions.js" [] []
[2012-09-14 14:28:09] avosoft.ERROR: No route found for "GET /bootstrap/js/bootstrap-transitions.js" [] []
[2012-09-14 14:28:17] avosoft.ERROR: No route found for "GET /bootstrap/js/bootstrap-transitions.js" [] []
[2012-09-14 14:28:18] avosoft.ERROR: No route found for "GET /bootstrap/js/bootstrap-transitions.js" [] []
[2012-09-14 14:28:28] avosoft.ERROR: No route found for "GET /bootstrap/js/bootstrap-transitions.js" [] []
[2012-09-14 14:28:29] avosoft.ERROR: No route found for "GET /bootstrap/js/bootstrap-transitions.js" [] []
[2012-09-14 14:28:31] avosoft.ERROR: No route found for "GET /bootstrap/js/bootstrap-transitions.js" [] []
[2012-09-14 14:28:32] avosoft.ERROR: No route found for "GET /bootstrap/js/bootstrap-transitions.js" [] []
[2012-09-14 15:39:58] avosoft.ERROR: No route found for "GET /bootstrap/js/bootstrap-transitions.js" [] []
[2012-09-14 15:39:58] avosoft.ERROR: No route found for "GET /bootstrap/js/bootstrap-transitions.js" [] []
[2012-09-14 15:39:59] avosoft.ERROR: No route found for "GET /bootstrap/js/bootstrap-transitions.js" [] []
[2012-09-14 15:40:00] avosoft.ERROR: No route found for "GET /bootstrap/js/bootstrap-transitions.js" [] []
[2012-09-14 15:40:01] avosoft.ERROR: No route found for "GET /bootstrap/js/bootstrap-transitions.js" [] []
[2012-09-14 15:40:01] avosoft.ERROR: No route found for "GET /bootstrap/js/bootstrap-transitions.js" [] []
[2012-09-14 15:41:27] avosoft.ERROR: No route found for "GET /bootstrap/js/bootstrap-transitions.js" [] []
[2012-09-14 15:41:28] avosoft.ERROR: No route found for "GET /bootstrap/js/bootstrap-transitions.js" [] []
[2012-09-14 15:47:30] avosoft.ERROR: No route found for "GET /bootstrap/js/bootstrap-transitions.js" [] []
[2012-09-14 15:47:30] avosoft.ERROR: No route found for "GET /bootstrap/js/bootstrap-transitions.js" [] []
[2012-09-14 17:03:30] avosoft.ERROR: Unexpected character "$" in "index/index.twig" at line 4 [] []
[2012-09-16 20:41:42] avosoft.ERROR: Variable "password" does not exist in "index/index.twig" at line 4 [] []
[2012-09-16 20:41:47] avosoft.ERROR: Variable "password" does not exist in "index/index.twig" at line 4 [] []
[2012-09-16 20:41:57] avosoft.ERROR: Variable "password" does not exist in "index/index.twig" at line 4 [] []
[2012-09-20 16:42:00] avosoft.ERROR: No route found for "GET /prestation/ajouter" [] []
[2012-09-20 16:43:09] avosoft.ERROR: No route found for "GET /prestation/ajouter" [] []
[2012-09-20 16:43:10] avosoft.ERROR: No route found for "GET /prestation/ajouter" [] []
[2012-09-20 16:43:11] avosoft.ERROR: No route found for "GET /prestation/ajouter" [] []
[2012-09-20 16:43:11] avosoft.ERROR: No route found for "GET /prestation/ajouter" [] []
[2012-09-20 16:47:41] avosoft.ERROR: No route found for "GET /prestation/ajouter" [] []
[2012-09-20 16:47:42] avosoft.ERROR: No route found for "GET /prestation/ajouter" [] []
[2012-09-20 16:47:50] avosoft.ERROR: No route found for "GET /prestation/ajouter" [] []
[2012-09-21 16:14:51] avosoft.ERROR: No route found for "GET /prestation/ajouter" [] []
[2012-09-21 16:15:03] avosoft.ERROR: No route found for "GET /prestation/ajouter" [] []
[2012-09-21 16:15:08] avosoft.ERROR: No route found for "GET /index/prestation/ajouter" [] []
[2012-09-21 16:15:12] avosoft.ERROR: No route found for "GET /prestation/ajouter" [] []
[2012-09-21 16:54:09] avosoft.ERROR: No route found for "GET /prestation/about" [] []
[2012-09-28 14:25:37] avosoft.ERROR: No route found for "GET /prestation/ajouter" [] []
[2012-09-28 14:28:01] avosoft.ERROR: No route found for "GET /prestation/ajouter" [] []
[2012-09-28 14:28:02] avosoft.ERROR: No route found for "GET /prestation/ajouter" [] []
[2012-09-28 14:28:02] avosoft.ERROR: No route found for "GET /prestation/ajouter" [] []
[2012-09-28 14:28:02] avosoft.ERROR: No route found for "GET /prestation/ajouter" [] []
[2012-09-28 14:28:02] avosoft.ERROR: No route found for "GET /prestation/ajouter" [] []
[2012-09-28 14:28:03] avosoft.ERROR: No route found for "GET /prestation/ajouter" [] []
[2012-09-28 14:32:39] avosoft.ERROR: No route found for "GET /prestation/ajouter" [] []
[2012-09-28 14:32:39] avosoft.ERROR: No route found for "GET /prestation/ajouter" [] []
[2012-09-28 14:32:40] avosoft.ERROR: No route found for "GET /prestation/ajouter" [] []
[2012-09-28 14:32:40] avosoft.ERROR: No route found for "GET /prestation/ajouter" [] []
[2012-09-28 14:32:41] avosoft.ERROR: No route found for "GET /prestation/ajouter" [] []
[2012-09-28 14:32:41] avosoft.ERROR: No route found for "GET /prestation/ajouter" [] []
[2012-09-28 14:32:48] avosoft.ERROR: No route found for "GET /prestation/ajouter" [] []
[2012-09-28 14:32:54] avosoft.ERROR: No route found for "GET /Prestation/ajouter" [] []
[2012-09-28 14:33:37] avosoft.ERROR: No route found for "GET /prestation/" [] []
[2012-09-28 14:33:41] avosoft.ERROR: No route found for "GET /prestation/index" [] []
[2012-09-28 14:33:46] avosoft.ERROR: No route found for "GET /prestation/ajouter" [] []
[2012-09-28 14:37:16] avosoft.ERROR: No route found for "GET /prestation/ajouter" [] []
[2012-09-28 14:37:17] avosoft.ERROR: No route found for "GET /prestation/ajouter" [] []
[2012-09-28 14:37:17] avosoft.ERROR: No route found for "GET /prestation/ajouter" [] []
[2012-09-28 14:37:29] avosoft.ERROR: No route found for "GET /prestation" [] []
[2012-09-28 14:38:12] avosoft.ERROR: No route found for "GET /prestation" [] []
[2012-09-28 14:38:12] avosoft.ERROR: No route found for "GET /prestation" [] []
[2012-09-28 14:38:13] avosoft.ERROR: No route found for "GET /prestation" [] []
[2012-09-28 14:38:13] avosoft.ERROR: No route found for "GET /prestation" [] []
[2012-09-28 14:38:14] avosoft.ERROR: No route found for "GET /prestation" [] []
[2012-09-28 14:38:48] avosoft.ERROR: No route found for "GET /prestation" [] []
[2012-09-28 14:38:54] avosoft.ERROR: No route found for "GET /prestation" [] []
[2012-09-28 14:39:31] avosoft.ERROR: No route found for "GET /prestation" [] []
[2012-09-28 14:39:31] avosoft.ERROR: No route found for "GET /prestation" [] []
[2012-09-28 14:39:32] avosoft.ERROR: No route found for "GET /prestation" [] []
[2012-09-28 14:39:32] avosoft.ERROR: No route found for "GET /prestation" [] []
[2012-09-28 14:39:32] avosoft.ERROR: No route found for "GET /prestation" [] []
[2012-09-28 14:39:36] avosoft.ERROR: No route found for "GET /Prestation/ajouter" [] []
[2012-09-28 14:39:37] avosoft.ERROR: No route found for "GET /Prestation/ajouter" [] []
[2012-09-28 14:39:37] avosoft.ERROR: No route found for "GET /Prestation/ajouter" [] []
[2012-09-28 14:39:37] avosoft.ERROR: No route found for "GET /Prestation/ajouter" [] []
[2012-09-28 14:39:38] avosoft.ERROR: No route found for "GET /Prestation/ajouter" [] []
[2012-09-28 14:43:19] avosoft.ERROR: No route found for "GET /prestation" [] []
[2012-09-28 14:43:19] avosoft.ERROR: No route found for "GET /prestation" [] []
[2012-09-28 14:43:20] avosoft.ERROR: No route found for "GET /prestation" [] []
[2012-09-28 14:43:31] avosoft.ERROR: No route found for "GET /prestation" [] []
[2012-09-28 14:47:01] avosoft.ERROR: No route found for "GET /Prestation/ajouter" [] []
[2012-09-28 14:47:02] avosoft.ERROR: No route found for "GET /Prestation/ajouter" [] []
[2012-09-28 14:47:02] avosoft.ERROR: No route found for "GET /Prestation/ajouter" [] []
[2012-09-28 14:47:02] avosoft.ERROR: No route found for "GET /Prestation/ajouter" [] []
[2012-09-28 14:47:03] avosoft.ERROR: No route found for "GET /Prestation/ajouter" [] []
[2012-09-28 14:47:03] avosoft.ERROR: No route found for "GET /Prestation/ajouter" [] []
[2012-09-28 14:47:03] avosoft.ERROR: No route found for "GET /Prestation/ajouter" [] []
[2012-09-28 14:47:04] avosoft.ERROR: No route found for "GET /Prestation/ajouter" [] []
[2012-09-28 14:47:04] avosoft.ERROR: No route found for "GET /Prestation/ajouter" [] []
[2012-09-28 14:55:19] avosoft.ERROR: No route found for "GET /Prestation/ajouter" [] []
[2012-09-28 14:55:20] avosoft.ERROR: No route found for "GET /Prestation/ajouter" [] []
[2012-09-28 14:55:21] avosoft.ERROR: No route found for "GET /Prestation/ajouter" [] []
[2012-09-28 14:55:25] avosoft.ERROR: No route found for "GET /Prestation/" [] []
[2012-09-28 14:56:33] avosoft.ERROR: No route found for "GET /ajouter" [] []
[2012-09-28 14:56:36] avosoft.ERROR: No route found for "GET /ajouter" [] []
[2012-09-28 14:56:39] avosoft.ERROR: No route found for "GET /ajouter" [] []
[2012-09-28 14:59:30] avosoft.ERROR: No route found for "GET /prestation/css/default.css" [] []
[2012-09-28 14:59:30] avosoft.ERROR: No route found for "GET /prestation/bootstrap/css/bootstrap-responsive.css" [] []
[2012-09-28 14:59:30] avosoft.ERROR: No route found for "GET /prestation/js/jquery.js" [] []
[2012-09-28 14:59:30] avosoft.ERROR: No route found for "GET /prestation/bootstrap/css/bootstrap.css" [] []
[2012-09-28 14:59:30] avosoft.ERROR: No route found for "GET /prestation/bootstrap/css/bootstrap-notify.css" [] []
[2012-09-28 14:59:30] avosoft.ERROR: No route found for "GET /prestation/bootstrap/js/bootstrap.js" [] []
[2012-09-28 14:59:30] avosoft.ERROR: No route found for "GET /prestation/bootstrap/js/bootstrap-transition.js" [] []
[2012-09-28 14:59:30] avosoft.ERROR: No route found for "GET /prestation/bootstrap/js/bootstrap-tab.js" [] []
[2012-09-28 14:59:30] avosoft.ERROR: No route found for "GET /prestation/bootstrap/js/bootstrap-modal.js" [] []
[2012-09-28 14:59:30] avosoft.ERROR: No route found for "GET /prestation/bootstrap/js/bootstrap-dropdown.js" [] []
[2012-09-28 14:59:30] avosoft.ERROR: No route found for "GET /prestation/bootstrap/js/bootstrap-scrollspy.js" [] []
[2012-09-28 14:59:38] avosoft.ERROR: No route found for "GET /prestation/bootstrap/css/bootstrap-responsive.css" [] []
[2012-09-28 14:59:38] avosoft.ERROR: No route found for "GET /prestation/bootstrap/js/bootstrap-transition.js" [] []
[2012-09-28 14:59:38] avosoft.ERROR: No route found for "GET /prestation/bootstrap/css/bootstrap.css" [] []
[2012-09-28 14:59:38] avosoft.ERROR: No route found for "GET /prestation/bootstrap/css/bootstrap-notify.css" [] []
[2012-09-28 14:59:38] avosoft.ERROR: No route found for "GET /prestation/js/jquery.js" [] []
[2012-09-28 14:59:38] avosoft.ERROR: No route found for "GET /prestation/bootstrap/js/bootstrap-scrollspy.js" [] []
[2012-09-28 14:59:38] avosoft.ERROR: No route found for "GET /prestation/bootstrap/js/bootstrap-modal.js" [] []
[2012-09-28 14:59:38] avosoft.ERROR: No route found for "GET /prestation/bootstrap/js/bootstrap-tab.js" [] []
[2012-09-28 14:59:38] avosoft.ERROR: No route found for "GET /prestation/bootstrap/js/bootstrap.js" [] []
[2012-09-28 14:59:38] avosoft.ERROR: No route found for "GET /prestation/bootstrap/js/bootstrap-dropdown.js" [] []
[2012-09-28 14:59:38] avosoft.ERROR: No route found for "GET /prestation/css/default.css" [] []
[2012-09-28 15:00:10] avosoft.ERROR: No route found for "GET /prestation/bootstrap/css/bootstrap-responsive.css" [] []
[2012-09-28 15:00:10] avosoft.ERROR: No route found for "GET /prestation/bootstrap/css/bootstrap-notify.css" [] []
[2012-09-28 15:00:10] avosoft.ERROR: No route found for "GET /prestation/css/default.css" [] []
[2012-09-28 15:00:10] avosoft.ERROR: No route found for "GET /prestation/bootstrap/js/bootstrap.js" [] []
[2012-09-28 15:00:10] avosoft.ERROR: No route found for "GET /prestation/bootstrap/js/bootstrap-dropdown.js" [] []
[2012-09-28 15:00:10] avosoft.ERROR: No route found for "GET /prestation/bootstrap/js/bootstrap-modal.js" [] []
[2012-09-28 15:00:10] avosoft.ERROR: No route found for "GET /prestation/bootstrap/css/bootstrap.css" [] []
[2012-09-28 15:00:10] avosoft.ERROR: No route found for "GET /prestation/bootstrap/js/bootstrap-scrollspy.js" [] []
[2012-09-28 15:00:10] avosoft.ERROR: No route found for "GET /prestation/bootstrap/js/bootstrap-transition.js" [] []
[2012-09-28 15:00:10] avosoft.ERROR: No route found for "GET /prestation/bootstrap/js/bootstrap-tab.js" [] []
[2012-09-28 15:00:10] avosoft.ERROR: No route found for "GET /prestation/js/jquery.js" [] []
[2012-09-28 15:00:15] avosoft.ERROR: No route found for "GET /prestation/bootstrap/css/bootstrap.css" [] []
[2012-09-28 15:00:15] avosoft.ERROR: No route found for "GET /prestation/bootstrap/css/bootstrap-responsive.css" [] []
[2012-09-28 15:00:15] avosoft.ERROR: No route found for "GET /prestation/bootstrap/css/bootstrap-notify.css" [] []
[2012-09-28 15:00:15] avosoft.ERROR: No route found for "GET /prestation/css/default.css" [] []
[2012-09-28 15:00:15] avosoft.ERROR: No route found for "GET /prestation/bootstrap/js/bootstrap-dropdown.js" [] []
[2012-09-28 15:00:15] avosoft.ERROR: No route found for "GET /prestation/bootstrap/js/bootstrap-scrollspy.js" [] []
[2012-09-28 15:00:15] avosoft.ERROR: No route found for "GET /prestation/bootstrap/js/bootstrap-modal.js" [] []
[2012-09-28 15:00:15] avosoft.ERROR: No route found for "GET /prestation/js/jquery.js" [] []
[2012-09-28 15:00:15] avosoft.ERROR: No route found for "GET /prestation/bootstrap/js/bootstrap.js" [] []
[2012-09-28 15:00:15] avosoft.ERROR: No route found for "GET /prestation/bootstrap/js/bootstrap-transition.js" [] []
[2012-09-28 15:00:15] avosoft.ERROR: No route found for "GET /prestation/bootstrap/js/bootstrap-tab.js" [] []
[2012-09-28 15:00:23] avosoft.ERROR: No route found for "GET /preqtation" [] []
[2012-09-28 15:00:29] avosoft.ERROR: No route found for "GET /prestation/bootstrap/css/bootstrap.css" [] []
[2012-09-28 15:00:29] avosoft.ERROR: No route found for "GET /prestation/bootstrap/js/bootstrap.js" [] []
[2012-09-28 15:00:29] avosoft.ERROR: No route found for "GET /prestation/bootstrap/css/bootstrap-responsive.css" [] []
[2012-09-28 15:00:29] avosoft.ERROR: No route found for "GET /prestation/js/jquery.js" [] []
[2012-09-28 15:00:29] avosoft.ERROR: No route found for "GET /prestation/bootstrap/css/bootstrap-notify.css" [] []
[2012-09-28 15:00:29] avosoft.ERROR: No route found for "GET /prestation/bootstrap/js/bootstrap-transition.js" [] []
[2012-09-28 15:00:29] avosoft.ERROR: No route found for "GET /prestation/bootstrap/js/bootstrap-dropdown.js" [] []
[2012-09-28 15:00:29] avosoft.ERROR: No route found for "GET /prestation/bootstrap/js/bootstrap-modal.js" [] []
[2012-09-28 15:00:29] avosoft.ERROR: No route found for "GET /prestation/bootstrap/js/bootstrap-scrollspy.js" [] []
[2012-09-28 15:00:29] avosoft.ERROR: No route found for "GET /prestation/css/default.css" [] []
[2012-09-28 15:00:29] avosoft.ERROR: No route found for "GET /prestation/bootstrap/js/bootstrap-tab.js" [] []
[2012-09-28 15:00:36] avosoft.ERROR: No route found for "GET /prestation/bootstrap/css/bootstrap-notify.css" [] []
[2012-09-28 15:03:22] avosoft.ERROR: No route found for "GET /Prestation/" [] []
[2012-09-28 15:03:27] avosoft.ERROR: No route found for "GET /Prestation/ajouter" [] []
[2012-09-28 15:03:56] avosoft.ERROR: No route found for "GET /prestation/js/jquery.js" [] []
[2012-09-28 15:03:56] avosoft.ERROR: No route found for "GET /prestation/bootstrap/css/bootstrap.css" [] []
[2012-09-28 15:03:56] avosoft.ERROR: No route found for "GET /prestation/css/default.css" [] []
[2012-09-28 15:03:56] avosoft.ERROR: No route found for "GET /prestation/bootstrap/js/bootstrap-dropdown.js" [] []
[2012-09-28 15:03:56] avosoft.ERROR: No route found for "GET /prestation/bootstrap/js/bootstrap.js" [] []
[2012-09-28 15:03:56] avosoft.ERROR: No route found for "GET /prestation/bootstrap/css/bootstrap-responsive.css" [] []
[2012-09-28 15:03:56] avosoft.ERROR: No route found for "GET /prestation/bootstrap/js/bootstrap-transition.js" [] []
[2012-09-28 15:03:56] avosoft.ERROR: No route found for "GET /prestation/bootstrap/js/bootstrap-tab.js" [] []
[2012-09-28 15:03:56] avosoft.ERROR: No route found for "GET /prestation/bootstrap/css/bootstrap-notify.css" [] []
[2012-09-28 15:03:56] avosoft.ERROR: No route found for "GET /prestation/bootstrap/js/bootstrap-scrollspy.js" [] []
[2012-09-28 15:03:56] avosoft.ERROR: No route found for "GET /prestation/bootstrap/js/bootstrap-modal.js" [] []
[2012-09-28 15:04:05] avosoft.ERROR: No route found for "GET /Prestation/ajouter" [] []
[2012-09-28 15:04:07] avosoft.ERROR: No route found for "GET /Prestation/ajouter" [] []
[2012-09-28 15:04:08] avosoft.ERROR: No route found for "GET /Prestation/ajouter" [] []
[2012-09-28 15:04:17] avosoft.ERROR: No route found for "GET /prestation/js/jquery.js" [] []
[2012-09-28 15:04:17] avosoft.ERROR: No route found for "GET /prestation/bootstrap/js/bootstrap.js" [] []
[2012-09-28 15:04:17] avosoft.ERROR: No route found for "GET /prestation/css/default.css" [] []
[2012-09-28 15:04:17] avosoft.ERROR: No route found for "GET /prestation/bootstrap/js/bootstrap-dropdown.js" [] []
[2012-09-28 15:04:17] avosoft.ERROR: No route found for "GET /prestation/bootstrap/css/bootstrap-notify.css" [] []
[2012-09-28 15:04:17] avosoft.ERROR: No route found for "GET /prestation/bootstrap/css/bootstrap.css" [] []
[2012-09-28 15:04:17] avosoft.ERROR: No route found for "GET /prestation/bootstrap/js/bootstrap-tab.js" [] []
[2012-09-28 15:04:17] avosoft.ERROR: No route found for "GET /prestation/bootstrap/js/bootstrap-modal.js" [] []
[2012-09-28 15:04:17] avosoft.ERROR: No route found for "GET /prestation/bootstrap/css/bootstrap-responsive.css" [] []
[2012-09-28 15:04:17] avosoft.ERROR: No route found for "GET /prestation/bootstrap/js/bootstrap-transition.js" [] []
[2012-09-28 15:04:17] avosoft.ERROR: No route found for "GET /prestation/bootstrap/js/bootstrap-scrollspy.js" [] []
[2012-09-28 15:04:17] avosoft.ERROR: No route found for "GET /prestation/bootstrap/js/bootstrap-dropdown.js" [] []
[2012-09-28 15:04:17] avosoft.ERROR: No route found for "GET /prestation/bootstrap/js/bootstrap-transition.js" [] []
[2012-09-28 15:04:17] avosoft.ERROR: No route found for "GET /prestation/bootstrap/js/bootstrap-scrollspy.js" [] []
[2012-09-28 15:04:17] avosoft.ERROR: No route found for "GET /prestation/bootstrap/js/bootstrap-modal.js" [] []
[2012-09-28 15:04:17] avosoft.ERROR: No route found for "GET /prestation/bootstrap/js/bootstrap-tab.js" [] []
[2012-09-28 15:05:02] avosoft.ERROR: An exception has been thrown during the rendering of a template ("Route "index.index" does not exist.") in "prestation/ajouter.twig". [] []
[2012-09-28 15:08:46] avosoft.ERROR: An exception has been thrown during the rendering of a template ("Route "index.index" does not exist.") in "prestation/ajouter.twig". [] []
[2012-09-28 15:11:51] avosoft.ERROR: No route found for "GET /prestation/bootstrap/css/bootstrap-responsive.css" [] []
[2012-09-28 15:11:51] avosoft.ERROR: No route found for "GET /prestation/bootstrap/css/bootstrap-notify.css" [] []
[2012-09-28 15:11:51] avosoft.ERROR: No route found for "GET /prestation/css/default.css" [] []
[2012-09-28 15:11:51] avosoft.ERROR: No route found for "GET /prestation/bootstrap/js/bootstrap.js" [] []
[2012-09-28 15:11:51] avosoft.ERROR: No route found for "GET /prestation/bootstrap/js/bootstrap-transition.js" [] []
[2012-09-28 15:11:51] avosoft.ERROR: No route found for "GET /prestation/js/jquery.js" [] []
[2012-09-28 15:11:51] avosoft.ERROR: No route found for "GET /prestation/bootstrap/js/bootstrap-tab.js" [] []
[2012-09-28 15:11:51] avosoft.ERROR: No route found for "GET /prestation/bootstrap/js/bootstrap-dropdown.js" [] []
[2012-09-28 15:11:51] avosoft.ERROR: No route found for "GET /prestation/bootstrap/js/bootstrap-modal.js" [] []
[2012-09-28 15:11:51] avosoft.ERROR: No route found for "GET /prestation/bootstrap/js/bootstrap.js" [] []
[2012-09-28 15:11:51] avosoft.ERROR: No route found for "GET /prestation/bootstrap/js/bootstrap-scrollspy.js" [] []
[2012-09-28 15:11:51] avosoft.ERROR: No route found for "GET /prestation/bootstrap/js/bootstrap-dropdown.js" [] []
[2012-09-28 15:11:51] avosoft.ERROR: No route found for "GET /prestation/bootstrap/js/bootstrap-transition.js" [] []
[2012-09-28 15:11:51] avosoft.ERROR: No route found for "GET /prestation/bootstrap/js/bootstrap-scrollspy.js" [] []
[2012-09-28 15:11:51] avosoft.ERROR: No route found for "GET /prestation/bootstrap/js/bootstrap-modal.js" [] []
[2012-09-28 15:11:51] avosoft.ERROR: No route found for "GET /prestation/bootstrap/js/bootstrap-tab.js" [] []
[2012-09-28 15:11:59] avosoft.ERROR: No route found for "GET /prestation/js/jquery.js" [] []
[2012-09-28 15:11:59] avosoft.ERROR: No route found for "GET /prestation/bootstrap/css/bootstrap-responsive.css" [] []
[2012-09-28 15:11:59] avosoft.ERROR: No route found for "GET /prestation/css/default.css" [] []
[2012-09-28 15:12:00] avosoft.ERROR: No route found for "GET /prestation/bootstrap/js/bootstrap-dropdown.js" [] []
[2012-09-28 15:12:00] avosoft.ERROR: No route found for "GET /prestation/bootstrap/js/bootstrap-transition.js" [] []
[2012-09-28 15:12:00] avosoft.ERROR: No route found for "GET /prestation/bootstrap/js/bootstrap.js" [] []
[2012-09-28 15:12:00] avosoft.ERROR: No route found for "GET /prestation/bootstrap/js/bootstrap-tab.js" [] []
[2012-09-28 15:11:59] avosoft.ERROR: No route found for "GET /prestation/bootstrap/css/bootstrap-notify.css" [] []
[2012-09-28 15:12:00] avosoft.ERROR: No route found for "GET /prestation/bootstrap/js/bootstrap-modal.js" [] []
[2012-09-28 15:12:00] avosoft.ERROR: No route found for "GET /prestation/bootstrap/js/bootstrap-scrollspy.js" [] []
[2012-09-28 15:12:00] avosoft.ERROR: No route found for "GET /prestation/bootstrap/js/bootstrap.js" [] []
[2012-09-28 15:12:00] avosoft.ERROR: No route found for "GET /prestation/bootstrap/js/bootstrap-dropdown.js" [] []
[2012-09-28 15:12:00] avosoft.ERROR: No route found for "GET /prestation/bootstrap/js/bootstrap-transition.js" [] []
[2012-09-28 15:12:00] avosoft.ERROR: No route found for "GET /prestation/bootstrap/js/bootstrap-scrollspy.js" [] []
[2012-09-28 15:12:00] avosoft.ERROR: No route found for "GET /prestation/bootstrap/js/bootstrap-modal.js" [] []
[2012-09-28 15:12:00] avosoft.ERROR: No route found for "GET /prestation/bootstrap/js/bootstrap-tab.js" [] []
[2012-09-28 15:12:05] avosoft.ERROR: No route found for "GET /prestation/bootstrap/css/bootstrap-notify.css" [] []
[2012-09-28 15:12:05] avosoft.ERROR: No route found for "GET /prestation/bootstrap/css/bootstrap-responsive.css" [] []
[2012-09-28 15:12:05] avosoft.ERROR: No route found for "GET /prestation/css/default.css" [] []
[2012-09-28 15:12:05] avosoft.ERROR: No route found for "GET /prestation/bootstrap/js/bootstrap-dropdown.js" [] []
[2012-09-28 15:12:05] avosoft.ERROR: No route found for "GET /prestation/bootstrap/js/bootstrap.js" [] []
[2012-09-28 15:12:05] avosoft.ERROR: No route found for "GET /prestation/bootstrap/js/bootstrap-tab.js" [] []
[2012-09-28 15:12:05] avosoft.ERROR: No route found for "GET /prestation/js/jquery.js" [] []
[2012-09-28 15:12:05] avosoft.ERROR: No route found for "GET /prestation/bootstrap/js/bootstrap-transition.js" [] []
[2012-09-28 15:12:06] avosoft.ERROR: No route found for "GET /prestation/bootstrap/js/bootstrap-modal.js" [] []
[2012-09-28 15:12:06] avosoft.ERROR: No route found for "GET /prestation/bootstrap/js/bootstrap-scrollspy.js" [] []
[2012-09-28 15:12:06] avosoft.ERROR: No route found for "GET /prestation/bootstrap/js/bootstrap.js" [] []
[2012-09-28 15:12:06] avosoft.ERROR: No route found for "GET /prestation/bootstrap/js/bootstrap-dropdown.js" [] []
[2012-09-28 15:12:06] avosoft.ERROR: No route found for "GET /prestation/bootstrap/js/bootstrap-transition.js" [] []
[2012-09-28 15:12:06] avosoft.ERROR: No route found for "GET /prestation/bootstrap/js/bootstrap-scrollspy.js" [] []
[2012-09-28 15:12:06] avosoft.ERROR: No route found for "GET /prestation/bootstrap/js/bootstrap-modal.js" [] []
[2012-09-28 15:12:06] avosoft.ERROR: No route found for "GET /prestation/bootstrap/js/bootstrap-tab.js" [] []
[2012-09-28 15:12:52] avosoft.ERROR: No route found for "GET /prestation/css/default.css" [] []
[2012-09-28 15:12:52] avosoft.ERROR: No route found for "GET /prestation/bootstrap/js/bootstrap.js" [] []
[2012-09-28 15:12:52] avosoft.ERROR: No route found for "GET /prestation/bootstrap/css/bootstrap-notify.css" [] []
[2012-09-28 15:12:52] avosoft.ERROR: No route found for "GET /prestation/bootstrap/css/bootstrap-responsive.css" [] []
[2012-09-28 15:12:52] avosoft.ERROR: No route found for "GET /prestation/bootstrap/js/bootstrap-scrollspy.js" [] []
[2012-09-28 15:12:52] avosoft.ERROR: No route found for "GET /prestation/bootstrap/js/bootstrap-dropdown.js" [] []
[2012-09-28 15:12:52] avosoft.ERROR: No route found for "GET /prestation/js/jquery.js" [] []
[2012-09-28 15:12:52] avosoft.ERROR: No route found for "GET /prestation/bootstrap/js/bootstrap-tab.js" [] []
[2012-09-28 15:12:53] avosoft.ERROR: No route found for "GET /prestation/bootstrap/js/bootstrap-modal.js" [] []
[2012-09-28 15:12:53] avosoft.ERROR: No route found for "GET /prestation/bootstrap/js/bootstrap-transition.js" [] []
[2012-09-28 15:12:53] avosoft.ERROR: No route found for "GET /prestation/bootstrap/js/bootstrap.js" [] []
[2012-09-28 15:12:53] avosoft.ERROR: No route found for "GET /prestation/bootstrap/js/bootstrap-dropdown.js" [] []
[2012-09-28 15:12:53] avosoft.ERROR: No route found for "GET /prestation/bootstrap/js/bootstrap-transition.js" [] []
[2012-09-28 15:12:53] avosoft.ERROR: No route found for "GET /prestation/bootstrap/js/bootstrap-scrollspy.js" [] []
[2012-09-28 15:12:53] avosoft.ERROR: No route found for "GET /prestation/bootstrap/js/bootstrap-modal.js" [] []
[2012-09-28 15:12:53] avosoft.ERROR: No route found for "GET /prestation/bootstrap/js/bootstrap-tab.js" [] []
[2012-09-28 15:12:58] avosoft.ERROR: No route found for "GET /prestation/bootstrap/css/bootstrap-notify.css" [] []
[2012-09-28 15:12:58] avosoft.ERROR: No route found for "GET /prestation/css/default.css" [] []
[2012-09-28 15:12:58] avosoft.ERROR: No route found for "GET /prestation/bootstrap/js/bootstrap-transition.js" [] []
[2012-09-28 15:12:58] avosoft.ERROR: No route found for "GET /prestation/bootstrap/css/bootstrap-responsive.css" [] []
[2012-09-28 15:12:58] avosoft.ERROR: No route found for "GET /prestation/bootstrap/js/bootstrap.js" [] []
[2012-09-28 15:12:58] avosoft.ERROR: No route found for "GET /prestation/bootstrap/js/bootstrap-scrollspy.js" [] []
[2012-09-28 15:12:58] avosoft.ERROR: No route found for "GET /prestation/bootstrap/js/bootstrap-dropdown.js" [] []
[2012-09-28 15:12:58] avosoft.ERROR: No route found for "GET /prestation/bootstrap/js/bootstrap-tab.js" [] []
[2012-09-28 15:12:58] avosoft.ERROR: No route found for "GET /prestation/bootstrap/js/bootstrap-modal.js" [] []
[2012-09-28 15:12:58] avosoft.ERROR: No route found for "GET /prestation/js/jquery.js" [] []
[2012-09-28 15:13:02] avosoft.ERROR: No route found for "GET /prestation/css/default.css" [] []
[2012-09-28 15:13:02] avosoft.ERROR: No route found for "GET /prestation/bootstrap/css/bootstrap-responsive.css" [] []
[2012-09-28 15:13:02] avosoft.ERROR: No route found for "GET /prestation/bootstrap/js/bootstrap-dropdown.js" [] []
[2012-09-28 15:13:02] avosoft.ERROR: No route found for "GET /prestation/bootstrap/js/bootstrap.js" [] []
[2012-09-28 15:13:02] avosoft.ERROR: No route found for "GET /prestation/bootstrap/js/bootstrap-transition.js" [] []
[2012-09-28 15:13:02] avosoft.ERROR: No route found for "GET /prestation/bootstrap/js/bootstrap-modal.js" [] []
[2012-09-28 15:13:02] avosoft.ERROR: No route found for "GET /prestation/bootstrap/js/bootstrap-scrollspy.js" [] []
[2012-09-28 15:13:02] avosoft.ERROR: No route found for "GET /prestation/bootstrap/css/bootstrap-notify.css" [] []
[2012-09-28 15:13:02] avosoft.ERROR: No route found for "GET /prestation/js/jquery.js" [] []
[2012-09-28 15:13:02] avosoft.ERROR: No route found for "GET /prestation/bootstrap/js/bootstrap-tab.js" [] []
[2012-09-28 15:13:05] avosoft.ERROR: No route found for "GET /prestation/bootstrap/css/bootstrap-responsive.css" [] []
[2012-09-28 15:13:09] avosoft.ERROR: No route found for "GET /prestation/bootstrap/css/bootstrap-responsive.css" [] []
[2012-09-28 15:13:10] avosoft.ERROR: No route found for "GET /prestation/bootstrap/css/bootstrap-responsive.css" [] []
[2012-09-28 15:14:38] avosoft.ERROR: No route found for "GET /prestation/prestation/ajouter" [] []
[2012-09-28 15:14:50] avosoft.ERROR: No route found for "GET /prestation/prestation/ajouter" [] []
[2012-09-28 15:15:08] avosoft.ERROR: No route found for "GET /prestation/about" [] []
[2012-09-28 15:18:20] avosoft.ERROR: An exception has been thrown during the rendering of a template ("Route "prestation.ajouter" does not exist.") in "prestation/ajouter.twig". [] []
[2012-09-28 15:18:20] avosoft.ERROR: An exception has been thrown during the rendering of a template ("Route "prestation.ajouter" does not exist.") in "prestation/ajouter.twig". [] []
[2012-09-28 15:18:23] avosoft.ERROR: An exception has been thrown during the rendering of a template ("Route "prestation.ajouter" does not exist.") in "prestation/ajouter.twig". [] []
[2012-09-28 15:18:27] avosoft.ERROR: An exception has been thrown during the rendering of a template ("Route "prestation.ajouter" does not exist.") in "index/index.twig". [] []
[2012-09-28 15:19:30] avosoft.ERROR: No route found for "GET //" [] []
[2012-09-28 15:19:52] avosoft.ERROR: No route found for "GET //" [] []
[2012-09-28 16:06:52] avosoft.ERROR: No route found for "GET /prestation/ajouter/toto" [] []
[2012-09-28 16:07:08] avosoft.ERROR: No route found for "GET /prestation/ajouter/toto" [] []
[2012-09-30 11:41:36] avosoft.ERROR: An exception has been thrown during the rendering of a template ("Route "client.ajouter" does not exist.") in "prestation/ajouter.twig". [] []
[2012-09-30 11:43:47] avosoft.ERROR: An exception has been thrown during the rendering of a template ("Route "client.ajouter" does not exist.") in "prestation/ajouter.twig". [] []
[2012-09-30 11:43:48] avosoft.ERROR: An exception has been thrown during the rendering of a template ("Route "client.ajouter" does not exist.") in "prestation/ajouter.twig". [] []
[2012-09-30 11:43:54] avosoft.ERROR: An exception has been thrown during the rendering of a template ("Route "client.ajouter" does not exist.") in "index/index.twig". [] []
[2012-09-30 11:55:00] avosoft.ERROR: The filter "trans" does not exist in "form_div_layout.html.twig" at line 72 [] []
[2012-09-30 11:58:07] avosoft.ERROR: The filter "trans" does not exist in "form_div_layout.html.twig" at line 72 [] []
[2012-09-30 11:58:08] avosoft.ERROR: The filter "trans" does not exist in "form_div_layout.html.twig" at line 72 [] []
[2012-09-30 12:03:13] avosoft.ERROR: The filter "trans" does not exist in "form_div_layout.html.twig" at line 72 [] []
[2012-09-30 12:03:14] avosoft.ERROR: The filter "trans" does not exist in "form_div_layout.html.twig" at line 72 [] []
[2012-09-30 13:25:19] avosoft.ERROR: The filter "trans" does not exist in "form_div_layout.html.twig" at line 72 [] []
[2012-09-30 14:16:38] avosoft.ERROR: Could not load type "phone" [] []
[2012-09-30 14:19:30] avosoft.ERROR: Could not load type "tel" [] []
[2012-09-30 14:20:55] avosoft.ERROR: Could not load type "mail" [] []
[2012-09-30 14:42:49] avosoft.ERROR: Failed to start the session because headers have already been sent. [] []
[2012-10-01 10:00:48] avosoft.ERROR: A template that extends another one cannot have a body in "client/ajouter.twig" at line 3. [] []
[2012-10-01 10:01:25] avosoft.ERROR: A template that extends another one cannot have a body in "client/ajouter.twig" at line 4. [] []
[2012-10-01 10:12:41] avosoft.ERROR: A template that extends another one cannot have a body in "client/ajouter.twig" at line 4. [] []
[2012-10-01 10:18:43] avosoft.ERROR: Could not load type "entity" [] []
[2012-10-01 10:59:15] avosoft.ERROR: You cannot call isValid() on a form that is not bound. [] []
[2012-10-01 11:01:08] avosoft.ERROR: SQLSTATE[23000]: Integrity constraint violation: 1062 Duplicate entry '0' for key 'PRIMARY' [] []
[2012-10-01 11:08:10] avosoft.ERROR: No route found for "GET /client/about" [] []
[2012-10-01 11:11:00] avosoft.ERROR: An exception has been thrown during the rendering of a template ("Route "index.info" does not exist.") in "client/ajouter.twig". [] []
[2012-10-01 11:11:03] avosoft.ERROR: An exception has been thrown during the rendering of a template ("Route "index.info" does not exist.") in "client/ajouter.twig". [] []
[2012-10-01 13:41:59] avosoft.ERROR: An exception has been thrown during the rendering of a template ("Failed to start the session because headers have already been sent.") in "index/index.twig". [] []
[2012-10-01 15:26:30] avosoft.ERROR: Template "client/adresse.twig." is not defined (Twig_Loader_Filesystem: Unable to find template "client/adresse.twig." (looked into: /opt/Sites/Avosoft/App/Views). Twig_Loader_Array: Template "client/adresse.twig." is not defined. Twig_Loader_Filesystem: Unable to find template "client/adresse.twig." (looked into: /opt/Sites/Avosoft/vendor/symfony/twig-bridge/Symfony/Bridge/Twig/Extension/../Resources/views/Form).). [] []
[2012-10-01 15:28:07] avosoft.ERROR: Template "client/adresse.twig." is not defined (Twig_Loader_Filesystem: Unable to find template "client/adresse.twig." (looked into: /opt/Sites/Avosoft/App/Views). Twig_Loader_Array: Template "client/adresse.twig." is not defined. Twig_Loader_Filesystem: Unable to find template "client/adresse.twig." (looked into: /opt/Sites/Avosoft/vendor/symfony/twig-bridge/Symfony/Bridge/Twig/Extension/../Resources/views/Form).). [] []
[2012-10-01 16:46:26] avosoft.ERROR: No route found for "GET /client/client.adresse" [] []
[2012-10-01 16:46:53] avosoft.ERROR: No route found for "GET /client/client.adresse" [] []
[2012-10-01 16:46:55] avosoft.ERROR: No route found for "GET /client/client.adresse" [] []
[2012-10-01 16:46:59] avosoft.ERROR: Variable "form" does not exist in "client/ajouter.twig" at line 7 [] []
[2012-10-01 16:47:03] avosoft.ERROR: An exception has been thrown during the rendering of a template ("Failed to start the session because headers have already been sent.") in "index/index.twig". [] []
[2012-10-01 16:47:31] avosoft.ERROR: Variable "form" does not exist in "client/ajouter.twig" at line 7 [] []
[2012-10-01 16:47:32] avosoft.ERROR: Variable "form" does not exist in "client/ajouter.twig" at line 7 [] []
[2012-10-01 16:47:32] avosoft.ERROR: Variable "form" does not exist in "client/ajouter.twig" at line 7 [] []
[2012-10-01 16:47:33] avosoft.ERROR: Variable "form" does not exist in "client/ajouter.twig" at line 7 [] []
[2012-10-01 16:47:33] avosoft.ERROR: Variable "form" does not exist in "client/ajouter.twig" at line 7 [] []
[2012-10-01 16:47:53] avosoft.ERROR: Variable "form" does not exist in "client/ajouter.twig" at line 7 [] []
[2012-10-01 16:47:53] avosoft.ERROR: Variable "form" does not exist in "client/ajouter.twig" at line 7 [] []
[2012-10-01 16:47:58] avosoft.ERROR: No route found for "GET /ajouter" [] []
[2012-10-01 16:48:04] avosoft.ERROR: An exception has been thrown during the rendering of a template ("Failed to start the session because headers have already been sent.") in "index/index.twig". [] []
[2012-10-01 17:04:03] avosoft.ERROR: SQLSTATE[42S22]: Column not found: 1054 Unknown column 'id_client' in 'where clause' [] []
[2012-10-02 16:00:57] avosoft.ERROR: An exception has been thrown during the rendering of a template ("Failed to start the session because headers have already been sent.") in "index/index.twig". [] []
[2012-10-02 16:03:45] avosoft.ERROR: You cannot change the data of a bound form [] []
[2012-10-02 16:04:55] avosoft.ERROR: You cannot change the data of a bound form [] []
[2012-10-02 16:05:27] avosoft.ERROR: SQLSTATE[42000]: Syntax error or access violation: 1064 You have an error in your SQL syntax; check the manual that corresponds to your MySQL server version for the right syntax to use near 'tRue, iNumero, tBte, iCodePostal, tLocalite) VALUES ('rue des quatre Arbres', '3' at line 1 [] []
[2012-10-02 16:10:56] avosoft.ERROR: SQLSTATE[42000]: Syntax error or access violation: 1064 You have an error in your SQL syntax; check the manual that corresponds to your MySQL server version for the right syntax to use near 'tRue, iNumero, tBte, iCodePostal, tLocalite) VALUES ('rue des quatre Arbres', '3' at line 1 [] []
[2012-10-02 16:12:17] avosoft.ERROR: SQLSTATE[42000]: Syntax error or access violation: 1064 You have an error in your SQL syntax; check the manual that corresponds to your MySQL server version for the right syntax to use near 'tRue, iNumero, tBte, iCodePostal, tLocalite, client) VALUES ('rue des quatre Arb' at line 1 [] []
[2012-10-02 16:23:27] avosoft.ERROR: Cannot redirect to an empty URL. [] []
[2012-10-02 16:24:04] avosoft.ERROR: Cannot redirect to an empty URL. [] []
[2012-10-02 16:24:48] avosoft.ERROR: Cannot redirect to an empty URL. [] []
[2012-10-02 16:25:43] avosoft.ERROR: Cannot redirect to an empty URL. [] []
[2012-10-08 15:19:20] avosoft.ERROR: Method "App\Controller\ClientController::modifier" does not exist. [] []
[2012-10-08 16:33:58] avosoft.ERROR: Item "idClient" for "Array" does not exist in "client/autocomplete.twig" at line 18 [] []
[2012-10-08 16:49:11] avosoft.ERROR: Could not load type "hiden" [] []
[2012-10-08 16:49:15] avosoft.ERROR: Could not load type "hiden" [] []
[2012-10-08 16:53:35] avosoft.ERROR: Unexpected character "\" in "client/autocomplete.twig" at line 12 [] []
[2012-10-09 18:43:30] avosoft.ERROR: No route found for "GET /css/images/ui-bg_fine-grain_10_eceadf_60x60.png" [] []
[2012-10-09 18:43:32] avosoft.ERROR: No route found for "GET /css/images/ui-anim_basic_16x16.gif" [] []
[2012-10-09 18:43:33] avosoft.ERROR: No route found for "GET /css/images/ui-bg_fine-grain_65_654b24_60x60.png" [] []
[2012-10-09 20:11:02] avosoft.ERROR: Method "App\Controller\ClientController::modifier" does not exist. [] []
[2012-10-09 20:11:06] avosoft.ERROR: Variable "form" does not exist in "client/ajouter.twig" at line 7 [] []
[2012-10-09 20:11:18] avosoft.ERROR: Method "App\Controller\ClientController::modifier" does not exist. [] []
[2012-10-10 10:16:10] avosoft.ERROR: No route found for "GET /css/images/ui-bg_fine-grain_10_eceadf_60x60.png" [] []
[2012-10-10 10:16:11] avosoft.ERROR: No route found for "GET /css/images/ui-anim_basic_16x16.gif" [] []
[2012-10-10 10:16:11] avosoft.ERROR: No route found for "GET /css/images/ui-bg_fine-grain_65_654b24_60x60.png" [] []
[2012-10-10 10:43:45] avosoft.ERROR: Variable "client" does not exist in "client/autocomplete.twig" at line 8 [] []
[2012-10-10 11:15:56] avosoft.ERROR: Controller "App\Controller\ClientController::modifier()" requires that you provide a value for the "$id" argument (because there is no default value or because there is a non optional argument after this one). [] []
[2012-10-10 11:26:00] avosoft.ERROR: The "modifier.get" route has some missing mandatory parameters ("id"). [] []
[2012-10-10 11:29:47] avosoft.ERROR: No route found for "GET /client/modifier" [] []
[2012-10-10 11:30:19] avosoft.ERROR: No route found for "GET /client/modifier" [] []
[2012-10-10 11:30:52] avosoft.ERROR: No route found for "GET /client/modifier" [] []
[2012-10-10 11:30:53] avosoft.ERROR: No route found for "GET /client/modifier" [] []
[2012-10-10 11:30:55] avosoft.ERROR: Route "modifier.get/18" does not exist. [] []
[2012-10-10 11:31:57] avosoft.ERROR: No route found for "GET /client/modifier/" [] []
[2012-10-10 11:46:34] avosoft.ERROR: Variable "route" does not exist in "client/ajouter.twig" at line 6 [] []
[2012-10-10 11:48:36] avosoft.ERROR: Variable "route" does not exist in "client/ajouter.twig" at line 6 [] []
[2012-10-10 11:49:28] avosoft.ERROR: Variable "route" does not exist in "client/ajouter.twig" at line 6 [] []
[2012-10-10 13:16:41] avosoft.ERROR: No route found for "POST /client/modifier/18": Method Not Allowed (Allow: GET) [] []
[2012-10-10 13:33:53] avosoft.ERROR: A form can only be bound once [] []
[2012-10-10 13:34:23] avosoft.ERROR: A form can only be bound once [] []
[2012-10-10 13:34:27] avosoft.ERROR: A form can only be bound once [] []
[2012-10-10 15:03:58] avosoft.ERROR: No route found for "GET /css/images/ui-bg_fine-grain_10_eceadf_60x60.png" [] []
[2012-10-10 15:03:59] avosoft.ERROR: No route found for "GET /css/images/ui-anim_basic_16x16.gif" [] []
[2012-10-10 15:04:00] avosoft.ERROR: No route found for "GET /css/images/ui-bg_fine-grain_65_654b24_60x60.png" [] []
[2012-10-10 15:12:32] avosoft.ERROR: No route found for "GET /css/images/ui-bg_highlight-soft_100_ffffff_1x100.png" [] []
[2012-10-10 15:12:34] avosoft.ERROR: No route found for "GET /css/images/ui-bg_glass_100_fdf5ce_1x400.png" [] []
[2012-10-10 15:26:56] avosoft.ERROR: A template that extends another one cannot have a body in "client/ajouter.twig" at line 2. [] []
[2012-10-10 16:34:06] avosoft.ERROR: No route found for "GET /css/images/ui-bg_highlight-soft_100_ffffff_1x100.png" [] []
[2012-10-10 16:34:10] avosoft.ERROR: No route found for "GET /css/images/ui-bg_glass_100_fdf5ce_1x400.png" [] []
[2012-10-10 16:47:38] avosoft.ERROR: No route found for "GET /css/images/ui-bg_gloss-wave_35_5f1a47_500x100.png" [] []
[2012-10-10 16:47:38] avosoft.ERROR: No route found for "GET /css/images/ui-bg_glass_65_ffffff_1x400.png" [] []
[2012-10-10 16:47:38] avosoft.ERROR: No route found for "GET /css/images/ui-bg_glass_100_f6f6f6_1x400.png" [] []
[2012-10-10 17:03:44] avosoft.ERROR: Controller "App\Controller\ClientController::adresse()" requires that you provide a value for the "$id" argument (because there is no default value or because there is a non optional argument after this one). [] []
[2012-10-10 17:04:02] avosoft.ERROR: No route found for "GET /client/adresse" [] []
[2012-10-10 17:08:15] avosoft.ERROR: No route found for "GET /client/ajouter" [] []
[2012-10-10 17:08:30] avosoft.ERROR: The "client.ajouter" route has some missing mandatory parameters ("id"). [] []
[2012-10-10 17:09:13] avosoft.ERROR: The "client.ajouter" route has some missing mandatory parameters ("id"). [] []
[2012-10-10 17:09:25] avosoft.ERROR: No route found for "GET /client/ajouter" [] []
[2012-10-10 17:09:36] avosoft.ERROR: An exception has been thrown during the rendering of a template ("The "client.ajouter" route has some missing mandatory parameters ("id").") in "client/autocomplete.twig". [] []
[2012-10-10 17:12:25] avosoft.ERROR: An exception has been thrown during the rendering of a template ("The "client.ajouter" route has some missing mandatory parameters ("id").") in "client/autocomplete.twig". [] []
[2012-10-11 09:19:11] avosoft.ERROR: An exception has been thrown during the rendering of a template ("The "client.ajouter" route has some missing mandatory parameters ("id").") in "index/index.twig". [] []
[2012-10-11 09:33:37] avosoft.ERROR: No route found for "GET /css/images/ui-bg_highlight-soft_100_ffffff_1x100.png" [] []
[2012-10-11 09:33:43] avosoft.ERROR: No route found for "GET /css/images/ui-bg_glass_100_fdf5ce_1x400.png" [] []
[2012-10-11 09:33:45] avosoft.ERROR: No route found for "GET /css/images/ui-bg_glass_65_ffffff_1x400.png" [] []
[2012-10-11 09:33:45] avosoft.ERROR: No route found for "GET /css/images/ui-bg_glass_100_f6f6f6_1x400.png" [] []
[2012-10-11 09:33:45] avosoft.ERROR: No route found for "GET /css/images/ui-bg_gloss-wave_35_5f1a47_500x100.png" [] []
[2012-10-11 11:59:33] avosoft.ERROR: No route found for "GET /css/images/ui-bg_highlight-soft_100_ffffff_1x100.png" [] []
[2012-10-11 11:59:35] avosoft.ERROR: No route found for "GET /css/images/ui-bg_glass_100_fdf5ce_1x400.png" [] []
[2012-10-11 11:59:37] avosoft.ERROR: No route found for "GET /css/images/ui-bg_glass_100_f6f6f6_1x400.png" [] []
[2012-10-11 11:59:37] avosoft.ERROR: No route found for "GET /css/images/ui-bg_glass_65_ffffff_1x400.png" [] []
[2012-10-11 11:59:37] avosoft.ERROR: No route found for "GET /css/images/ui-bg_gloss-wave_35_5f1a47_500x100.png" [] []
[2012-10-11 12:01:06] avosoft.ERROR: No route found for "GET /css/images/ui-bg_highlight-soft_100_ffffff_1x100.png" [] []
[2012-10-11 12:01:06] avosoft.ERROR: No route found for "GET /css/images/ui-bg_glass_100_f6f6f6_1x400.png" [] []
[2012-10-11 12:01:06] avosoft.ERROR: No route found for "GET /css/images/ui-bg_gloss-wave_35_5f1a47_500x100.png" [] []
[2012-10-11 12:01:06] avosoft.ERROR: No route found for "GET /css/images/ui-bg_glass_65_ffffff_1x400.png" [] []
[2012-10-11 12:01:10] avosoft.ERROR: No route found for "GET /css/images/ui-bg_glass_100_fdf5ce_1x400.png" [] []
[2012-10-11 12:17:11] avosoft.ERROR: No route found for "GET /css/images/ui-bg_highlight-soft_100_ffffff_1x100.png" [] []
[2012-10-11 12:17:11] avosoft.ERROR: No route found for "GET /css/images/ui-bg_gloss-wave_35_5f1a47_500x100.png" [] []
[2012-10-11 12:17:11] avosoft.ERROR: No route found for "GET /css/images/ui-bg_glass_100_f6f6f6_1x400.png" [] []
[2012-10-11 12:17:11] avosoft.ERROR: No route found for "GET /css/images/ui-bg_glass_65_ffffff_1x400.png" [] []
[2012-10-11 12:17:20] avosoft.ERROR: SQLSTATE[42000]: Syntax error or access violation: 1064 You have an error in your SQL syntax; check the manual that corresponds to your MySQL server version for the right syntax to use near 'ALLSELECT 0' at line 1 [] []
[2012-10-11 12:17:55] avosoft.ERROR: No route found for "GET /css/images/ui-bg_glass_100_fdf5ce_1x400.png" [] []
[2012-10-11 14:06:45] avosoft.ERROR: An exception has been thrown during the rendering of a template ("The "client.adresse" route has some missing mandatory parameters ("id").") in "client/adresse.twig" at line 5. [] []
[2012-10-11 14:08:38] avosoft.ERROR: No route found for "GET /client/modifier" [] []
[2012-10-11 14:18:18] avosoft.ERROR: No route found for "GET /client/modifier" [] []
[2012-10-11 14:18:39] avosoft.ERROR: No route found for "GET /client/modifier" [] []
[2012-10-11 14:24:37] avosoft.ERROR: Variable "routeAdresse" does not exist in "client/ajouter.twig" at line 36 [] []
[2012-10-11 14:46:57] avosoft.ERROR: Variable "formAdresse" does not exist in "client/ajouter.twig" at line 39 [] []
[2012-10-11 14:55:54] avosoft.ERROR: Variable "formAdresse" does not exist in "client/ajouter.twig" at line 39 [] []
[2012-10-11 14:56:23] avosoft.ERROR: No route found for "GET /css/images/ui-bg_highlight-soft_100_ffffff_1x100.png" [] []
[2012-10-11 14:56:23] avosoft.ERROR: No route found for "GET /css/images/ui-bg_gloss-wave_35_5f1a47_500x100.png" [] []
[2012-10-11 14:56:23] avosoft.ERROR: No route found for "GET /css/images/ui-bg_glass_100_f6f6f6_1x400.png" [] []
[2012-10-11 14:56:23] avosoft.ERROR: No route found for "GET /css/images/ui-bg_glass_65_ffffff_1x400.png" [] []
[2012-10-11 14:56:25] avosoft.ERROR: Variable "formAdresse" does not exist in "client/ajouter.twig" at line 39 [] []
[2012-10-11 15:03:45] avosoft.ERROR: Variable "route" does not exist in "client/ajouter.twig" at line 26 [] []
[2012-10-11 15:06:55] avosoft.ERROR: No route found for "GET /client/modifier" [] []
[2012-10-11 15:07:10] avosoft.ERROR: No route found for "GET /client/modifier" [] []
[2012-10-11 15:14:04] avosoft.ERROR: No route found for "GET /client/modifier" [] []
[2012-10-11 15:17:00] avosoft.ERROR: No route found for "GET /css/images/ui-bg_glass_100_fdf5ce_1x400.png" [] []
[2012-10-11 16:09:40] avosoft.ERROR: No route found for "GET /client/autocomplete" [] []
[2012-10-11 16:09:57] avosoft.ERROR: No route found for "GET /client/autocomplete" [] []
[2012-10-11 16:11:30] avosoft.ERROR: Arguments must be separated by a comma. Unexpected token "operator" of value "=" ("punctuation" expected with value ",") in "layout.twig" at line 52 [] []
[2012-10-11 16:11:34] avosoft.ERROR: Arguments must be separated by a comma. Unexpected token "operator" of value "=" ("punctuation" expected with value ",") in "layout.twig" at line 52 [] []
[2012-10-11 16:17:37] avosoft.ERROR: Arguments must be separated by a comma. Unexpected token "operator" of value "=" ("punctuation" expected with value ",") in "layout.twig" at line 52 [] []
[2012-10-11 16:17:38] avosoft.ERROR: Arguments must be separated by a comma. Unexpected token "operator" of value "=" ("punctuation" expected with value ",") in "layout.twig" at line 52 [] []
[2012-10-11 16:17:38] avosoft.ERROR: Arguments must be separated by a comma. Unexpected token "operator" of value "=" ("punctuation" expected with value ",") in "layout.twig" at line 52 [] []
[2012-10-11 16:18:04] avosoft.ERROR: Unexpected token "string" of value "route" ("name" expected) in "layout.twig" at line 52 [] []
[2012-10-11 16:18:26] avosoft.ERROR: Unexpected token "number" of value "1" ("name" expected) in "layout.twig" at line 52 [] []
[2012-10-11 16:20:17] avosoft.ERROR: Arguments must be separated by a comma. Unexpected token "operator" of value "=" ("punctuation" expected with value ",") in "layout.twig" at line 60 [] []
[2012-10-11 16:20:18] avosoft.ERROR: Arguments must be separated by a comma. Unexpected token "operator" of value "=" ("punctuation" expected with value ",") in "layout.twig" at line 60 [] []
[2012-10-11 16:20:38] avosoft.ERROR: An exception has been thrown during the rendering of a template ("The "client.clientAutocomplete" route has some missing mandatory parameters ("route").") in "index/index.twig". [] []
[2012-10-11 16:21:02] avosoft.ERROR: An exception has been thrown during the rendering of a template ("The "client.clientAutocomplete" route has some missing mandatory parameters ("route").") in "index/index.twig". [] []
[2012-10-11 16:21:03] avosoft.ERROR: An exception has been thrown during the rendering of a template ("The "client.clientAutocomplete" route has some missing mandatory parameters ("route").") in "index/index.twig". [] []
[2012-10-11 16:21:04] avosoft.ERROR: An exception has been thrown during the rendering of a template ("The "client.clientAutocomplete" route has some missing mandatory parameters ("route").") in "index/index.twig". [] []
[2012-10-11 16:21:04] avosoft.ERROR: An exception has been thrown during the rendering of a template ("The "client.clientAutocomplete" route has some missing mandatory parameters ("route").") in "index/index.twig". [] []
[2012-10-11 16:21:04] avosoft.ERROR: An exception has been thrown during the rendering of a template ("The "client.clientAutocomplete" route has some missing mandatory parameters ("route").") in "index/index.twig". [] []
[2012-10-11 16:21:04] avosoft.ERROR: An exception has been thrown during the rendering of a template ("The "client.clientAutocomplete" route has some missing mandatory parameters ("route").") in "index/index.twig". [] []
[2012-10-11 16:21:04] avosoft.ERROR: An exception has been thrown during the rendering of a template ("The "client.clientAutocomplete" route has some missing mandatory parameters ("route").") in "index/index.twig". [] []
[2012-10-11 16:21:04] avosoft.ERROR: An exception has been thrown during the rendering of a template ("The "client.clientAutocomplete" route has some missing mandatory parameters ("route").") in "index/index.twig". [] []
[2012-10-11 16:28:13] avosoft.ERROR: Unclosed "(" in "layout.twig" at line 60 [] []
[2012-10-11 22:06:15] avosoft.ERROR: Unclosed "(" in "layout.twig" at line 60 [] []
[2012-10-12 10:04:46] avosoft.ERROR: Unclosed "(" in "layout.twig" at line 60 [] []
[2012-10-12 10:05:10] avosoft.ERROR: Unclosed "(" in "layout.twig" at line 60 [] []
[2012-10-12 10:05:45] avosoft.ERROR: Arguments must be separated by a comma. Unexpected token "operator" of value "=" ("punctuation" expected with value ",") in "layout.twig" at line 52 [] []
[2012-10-12 10:08:39] avosoft.ERROR: Arguments must be separated by a comma. Unexpected token "operator" of value "=" ("punctuation" expected with value ",") in "layout.twig" at line 52 [] []
[2012-10-12 10:08:59] avosoft.ERROR: Unexpected token "operator" of value "=" ("end of print statement" expected) in "layout.twig" at line 52 [] []
[2012-10-12 11:04:22] avosoft.ERROR: An exception has been thrown during the rendering of a template ("The "client.clientAutocomplete" route has some missing mandatory parameters ("chemin").") in "index/index.twig". [] []
[2012-10-12 11:05:37] avosoft.ERROR: Arguments must be separated by a comma. Unexpected token "operator" of value "=" ("punctuation" expected with value ",") in "layout.twig" at line 52 [] []
[2012-10-12 11:10:18] avosoft.ERROR: A hash key must be followed by a colon (:). Unexpected token "operator" of value "=" ("punctuation" expected with value ":") in "layout.twig" at line 52 [] []
[2012-10-12 11:10:31] avosoft.ERROR: An exception has been thrown during the rendering of a template ("The "client.clientAutocomplete" route has some missing mandatory parameters ("chemin").") in "index/index.twig". [] []
[2012-10-12 11:11:02] avosoft.ERROR: An exception has been thrown during the rendering of a template ("Route "dossier.ajouter" does not exist.") in "index/index.twig". [] []
[2012-10-12 11:11:57] avosoft.ERROR: Controller "App\Controller\ClientController::clientAutocomplete()" requires that you provide a value for the "$route" argument (because there is no default value or because there is a non optional argument after this one). [] []
[2012-10-12 11:12:52] avosoft.ERROR: An exception has been thrown during the rendering of a template ("The "client.clientAutocomplete" route has some missing mandatory parameters ("chemin").") in "client/autocomplete.twig" at line 31. [] []
[2012-10-12 11:13:16] avosoft.ERROR: An exception has been thrown during the rendering of a template ("The "client.clientAutocomplete" route has some missing mandatory parameters ("chemin").") in "client/autocomplete.twig" at line 31. [] []
[2012-10-12 11:13:26] avosoft.ERROR: No route found for "GET /client/autocomplete" [] []
[2012-10-12 11:14:04] avosoft.ERROR: An exception has been thrown during the rendering of a template ("The "client.clientAutocomplete" route has some missing mandatory parameters ("chemin").") in "client/autocomplete.twig" at line 31. [] []
[2012-10-12 11:14:19] avosoft.ERROR: A hash key must be followed by a colon (:). Unexpected token "punctuation" of value "}" ("punctuation" expected with value ":") in "layout.twig" at line 52 [] []
[2012-10-12 11:14:20] avosoft.ERROR: A hash key must be followed by a colon (:). Unexpected token "punctuation" of value "}" ("punctuation" expected with value ":") in "layout.twig" at line 52 [] []
[2012-10-12 11:28:49] avosoft.ERROR: A hash key must be a quoted string, a number, a name, or an expression enclosed in parentheses (unexpected token "punctuation" of value ":" in "layout.twig" at line 52 [] []
[2012-10-12 11:28:57] avosoft.ERROR: An exception has been thrown during the rendering of a template ("The "client.clientAutocomplete" route has some missing mandatory parameters ("chemin").") in "index/index.twig". [] []
[2012-10-12 11:29:17] avosoft.ERROR: A hash key must be followed by a colon (:). Unexpected token "punctuation" of value "}" ("punctuation" expected with value ":") in "layout.twig" at line 52 [] []
[2012-10-12 11:29:29] avosoft.ERROR: An exception has been thrown during the rendering of a template ("The "client.clientAutocomplete" route has some missing mandatory parameters ("chemin").") in "client/autocomplete.twig" at line 31. [] []
[2012-10-12 11:29:50] avosoft.ERROR: No route found for "GET /client/autocomplete" [] []
[2012-10-12 11:30:20] avosoft.ERROR: An exception has been thrown during the rendering of a template ("The "client.clientAutocomplete" route has some missing mandatory parameters ("chemin").") in "client/autocomplete.twig" at line 31. [] []
[2012-10-12 11:32:57] avosoft.ERROR: Arguments must be separated by a comma. Unexpected token "punctuation" of value ":" ("punctuation" expected with value ",") in "client/autocomplete.twig" at line 31 [] []
[2012-10-12 11:33:14] avosoft.ERROR: Unexpected token "string" of value "chemin" ("name" expected) in "client/autocomplete.twig" at line 31 [] []
[2012-10-12 11:33:30] avosoft.ERROR: Unexpected token "string" of value "chemin" ("name" expected) in "client/autocomplete.twig" at line 31 [] []
[2012-10-12 11:33:39] avosoft.ERROR: Arguments must be separated by a comma. Unexpected token "punctuation" of value ":" ("punctuation" expected with value ",") in "client/autocomplete.twig" at line 31 [] []
[2012-10-12 11:34:01] avosoft.ERROR: The filter "chemin" does not exist in "client/autocomplete.twig" at line 31 [] []
[2012-10-12 11:34:13] avosoft.ERROR: Arguments must be separated by a comma. Unexpected token "punctuation" of value ":" ("punctuation" expected with value ",") in "client/autocomplete.twig" at line 31 [] []
[2012-10-12 11:34:50] avosoft.ERROR: No route found for "GET /css/images/ui-bg_highlight-soft_100_ffffff_1x100.png" [] []
[2012-10-12 11:34:54] avosoft.ERROR: No route found for "GET /css/images/ui-bg_glass_100_fdf5ce_1x400.png" [] []
[2012-10-12 14:40:13] avosoft.ERROR: No route found for "GET /css/images/ui-bg_glass_100_f6f6f6_1x400.png" [] []
[2012-10-12 14:40:13] avosoft.ERROR: No route found for "GET /css/images/ui-bg_gloss-wave_35_5f1a47_500x100.png" [] []
[2012-10-12 14:40:13] avosoft.ERROR: No route found for "GET /css/images/ui-bg_glass_65_ffffff_1x400.png" [] []
[2012-10-12 15:18:27] avosoft.ERROR: No route found for "GET /css/images/ui-bg_highlight-soft_100_ffffff_1x100.png" [] []
[2012-10-12 15:18:34] avosoft.ERROR: No route found for "GET /css/images/ui-bg_glass_100_fdf5ce_1x400.png" [] []
[2012-10-12 15:43:39] avosoft.ERROR: No route found for "GET /css/images/ui-bg_highlight-soft_100_ffffff_1x100.png" [] []
[2012-10-12 15:43:43] avosoft.ERROR: No route found for "GET /css/images/ui-bg_glass_100_fdf5ce_1x400.png" [] []
[2012-10-12 15:56:41] avosoft.ERROR: Variable "form" does not exist in "dossier/ajouter.twig" at line 43 [] []
[2012-10-12 16:45:58] avosoft.ERROR: SQLSTATE[42S22]: Column not found: 1054 Unknown column 'autocomplete' in 'field list' [] []
[2012-10-15 16:40:48] avosoft.ERROR: No route found for "GET /css/images/ui-bg_highlight-soft_100_ffffff_1x100.png" [] []
[2012-10-15 16:40:52] avosoft.ERROR: No route found for "GET /css/images/ui-bg_glass_100_fdf5ce_1x400.png" [] []
[2012-10-15 16:40:53] avosoft.ERROR: No route found for "GET /css/images/ui-bg_highlight-soft_100_ffffff_1x100.png" [] []
[2012-10-15 16:41:12] avosoft.ERROR: No route found for "GET /css/images/ui-bg_highlight-soft_100_ffffff_1x100.png" [] []
[2012-10-15 16:56:29] avosoft.ERROR: An exception has been thrown during the rendering of a template ("Route "dossier.modifier" does not exist.") in "prestation/ajouter.twig". [] []
[2012-10-15 16:56:49] avosoft.ERROR: Method "App\Controller\DossierController::choisir" does not exist. [] []
[2012-10-15 16:57:01] avosoft.ERROR: An exception has been thrown during the rendering of a template ("Route "dossier.modifier" does not exist.") in "dossier/choisir.twig" at line 40. [] []
[2012-10-15 16:57:54] avosoft.ERROR: No route found for "GET /css/images/ui-bg_glass_100_fdf5ce_1x400.png" [] []
[2012-10-15 16:59:52] avosoft.ERROR: Identifier "pm" is not defined. [] []
[2012-10-16 10:57:56] avosoft.ERROR: No route found for "GET /css/images/ui-bg_highlight-soft_100_ffffff_1x100.png" [] []
[2012-10-16 10:58:01] avosoft.ERROR: No route found for "GET /css/images/ui-bg_glass_100_fdf5ce_1x400.png" [] []
[2012-10-16 10:59:16] avosoft.ERROR: No route found for "GET /css/images/ui-bg_highlight-soft_100_ffffff_1x100.png" [] []
[2012-10-16 11:00:04] avosoft.ERROR: No route found for "GET /css/images/ui-bg_glass_100_fdf5ce_1x400.png" [] []
[2012-10-16 11:01:34] avosoft.ERROR: No route found for "GET /css/images/ui-bg_highlight-soft_100_ffffff_1x100.png" [] []
[2012-10-16 11:01:37] avosoft.ERROR: No route found for "GET /css/images/ui-bg_glass_100_fdf5ce_1x400.png" [] []
[2012-10-16 11:01:38] avosoft.ERROR: No route found for "GET /css/images/ui-bg_highlight-soft_100_ffffff_1x100.png" [] []
[2012-10-16 11:01:47] avosoft.ERROR: No route found for "GET /css/images/ui-bg_highlight-soft_100_ffffff_1x100.png" [] []
[2012-10-16 11:06:26] avosoft.ERROR: No route found for "GET /css/images/ui-bg_glass_100_fdf5ce_1x400.png" [] []
[2012-10-16 11:06:28] avosoft.ERROR: No route found for "GET /css/images/ui-bg_highlight-soft_100_ffffff_1x100.png" [] []
[2012-10-16 11:13:16] avosoft.ERROR: No route found for "GET /css/images/ui-bg_highlight-soft_100_ffffff_1x100.png" [] []
[2012-10-16 11:13:19] avosoft.ERROR: No route found for "GET /css/images/ui-bg_glass_100_fdf5ce_1x400.png" [] []
[2012-10-16 11:13:19] avosoft.ERROR: Template "client/choisir.twig" is not defined (Twig_Loader_Filesystem: Unable to find template "client/choisir.twig" (looked into: /opt/Sites/Avosoft/App/Views). Twig_Loader_Array: Template "client/choisir.twig" is not defined. Twig_Loader_Filesystem: Unable to find template "client/choisir.twig" (looked into: /opt/Sites/Avosoft/vendor/symfony/twig-bridge/Symfony/Bridge/Twig/Extension/../Resources/views/Form).). [] []
[2012-10-16 11:49:39] avosoft.ERROR: No route found for "GET /css/images/ui-bg_highlight-soft_100_ffffff_1x100.png" [] []
[2012-10-16 11:51:43] avosoft.ERROR: No route found for "GET /css/images/ui-bg_highlight-soft_100_ffffff_1x100.png" [] []
[2012-10-16 11:51:48] avosoft.ERROR: No route found for "GET /css/images/ui-bg_glass_100_fdf5ce_1x400.png" [] []
[2012-10-16 11:51:49] avosoft.ERROR: No route found for "GET /css/images/ui-bg_highlight-soft_100_ffffff_1x100.png" [] []
[2012-10-16 14:34:14] avosoft.ERROR: No route found for "GET /css/images/ui-bg_highlight-soft_100_ffffff_1x100.png" [] []
[2012-10-16 14:34:16] avosoft.ERROR: No route found for "GET /css/images/ui-bg_glass_100_fdf5ce_1x400.png" [] []
[2012-10-16 14:34:35] avosoft.ERROR: No route found for "GET /css/images/ui-bg_highlight-soft_100_ffffff_1x100.png" [] []
[2012-10-16 14:35:53] avosoft.ERROR: No route found for "GET /css/images/ui-bg_highlight-soft_100_ffffff_1x100.png" [] []
[2012-10-16 14:35:55] avosoft.ERROR: No route found for "GET /css/images/ui-bg_glass_100_fdf5ce_1x400.png" [] []
[2012-10-16 14:35:56] avosoft.ERROR: No route found for "GET /css/images/ui-bg_highlight-soft_100_ffffff_1x100.png" [] []
[2012-10-16 14:38:03] avosoft.ERROR: No route found for "GET /css/images/ui-bg_highlight-soft_100_ffffff_1x100.png" [] []
[2012-10-16 14:38:06] avosoft.ERROR: No route found for "GET /css/images/ui-bg_glass_100_fdf5ce_1x400.png" [] []
[2012-10-16 14:38:10] avosoft.ERROR: No route found for "GET /css/images/ui-bg_highlight-soft_100_ffffff_1x100.png" [] []
[2012-10-16 14:38:19] avosoft.ERROR: No route found for "GET /css/images/ui-bg_glass_100_fdf5ce_1x400.png" [] []
[2012-10-16 14:57:38] avosoft.ERROR: Failed to start the session because headers have already been sent. [] []
[2012-10-16 15:15:17] avosoft.ERROR: Variable "dossier" does not exist in "dossier/choisir.twig" at line 11 [] []
[2012-10-16 15:15:54] avosoft.ERROR: Variable "client" does not exist in "dossier/ajouter.twig" at line 11 [] []
[2012-10-16 15:17:45] avosoft.ERROR: Variable "dossier" does not exist in "dossier/remplacer.twig" at line 11 [] []
[2012-10-16 15:18:30] avosoft.ERROR: No route found for "GET /css/images/ui-bg_highlight-soft_100_ffffff_1x100.png" [] []
[2012-10-16 15:18:37] avosoft.ERROR: No route found for "GET /css/images/ui-bg_glass_100_fdf5ce_1x400.png" [] []
[2012-10-16 15:56:03] avosoft.ERROR: No route found for "GET /css/images/ui-bg_highlight-soft_100_ffffff_1x100.png" [] []
[2012-10-16 16:00:05] avosoft.ERROR: Variable "legend" does not exist in "dossier/ajouter.twig" at line 35 [] []
[2012-10-16 16:01:17] avosoft.ERROR: An exception has been thrown during the rendering of a template ("Route "/Avosoft/public/dossier/ajouter" does not exist.") in "dossier/ajouter.twig" at line 40. [] []
[2012-10-16 16:02:40] avosoft.ERROR: An exception has been thrown during the rendering of a template ("Route "/Avosoft/public/dossier/ajouter" does not exist.") in "dossier/ajouter.twig" at line 40. [] []
[2012-10-16 16:02:41] avosoft.ERROR: An exception has been thrown during the rendering of a template ("Route "/Avosoft/public/dossier/ajouter" does not exist.") in "dossier/ajouter.twig" at line 40. [] []
[2012-10-16 16:02:42] avosoft.ERROR: An exception has been thrown during the rendering of a template ("Route "/Avosoft/public/dossier/ajouter" does not exist.") in "dossier/ajouter.twig" at line 40. [] []
[2012-10-16 16:02:43] avosoft.ERROR: An exception has been thrown during the rendering of a template ("Route "/Avosoft/public/dossier/ajouter" does not exist.") in "dossier/ajouter.twig" at line 40. [] []
[2012-10-16 16:02:43] avosoft.ERROR: An exception has been thrown during the rendering of a template ("Route "/Avosoft/public/dossier/ajouter" does not exist.") in "dossier/ajouter.twig" at line 40. [] []
[2012-10-16 16:03:45] avosoft.ERROR: An exception has been thrown during the rendering of a template ("Route "route" does not exist.") in "dossier/ajouter.twig" at line 40. [] []
[2012-10-16 16:03:56] avosoft.ERROR: An exception has been thrown during the rendering of a template ("Route "route" does not exist.") in "dossier/ajouter.twig" at line 40. [] []
[2012-10-16 16:03:56] avosoft.ERROR: An exception has been thrown during the rendering of a template ("Route "route" does not exist.") in "dossier/ajouter.twig" at line 40. [] []
[2012-10-16 16:03:57] avosoft.ERROR: An exception has been thrown during the rendering of a template ("Route "route" does not exist.") in "dossier/ajouter.twig" at line 40. [] []
[2012-10-16 16:08:25] avosoft.ERROR: Variable "form" does not exist in "dossier/choisir.twig" at line 43 [] []
[2012-10-16 16:10:43] avosoft.ERROR: No route found for "GET /css/images/ui-bg_glass_100_fdf5ce_1x400.png" [] []
[2012-10-16 16:23:41] avosoft.ERROR: No route found for "POST /dossier/HTTP/1.0%20302%20FoundCache-Control:%20no-cacheDate:%20%20%20%20%20%20%20%20%20%20Tue,%2016%20Oct%202012%2014:23:37%20GMTLocation:%20%20%20%20%20%20/Avosoft/public/dossier/delete%3C!DOCTYPE%20html%3E%3Chtml%3E%20%20%20%20%3Chead%3E%20%20%20%20%20%20%20%20%3Cmeta%20http-equiv=%22Content-Type%22%20content=%22text/html;%20charset=utf-8%22%20/%3E%20%20%20%20%20%20%20%20%3Cmeta%20http-equiv=%22refresh%22%20content=%221;url=/Avosoft/public/dossier/delete%22%20/%3E%20%20%20%20%20%20%20%20%3Ctitle%3ERedirecting%20to%20/Avosoft/public/dossier/delete%3C/title%3E%20%20%20%20%3C/head%3E%20%20%20%20%3Cbody%3E%20%20%20%20%20%20%20%20Redirecting%20to%20%3Ca%20href=%22/Avosoft/public/dossier/delete%22%3E/Avosoft/public/dossier/delete%3C/a%3E.%20%20%20%20%3C/body%3E%3C/html%3E" [] []
[2012-10-16 20:46:19] avosoft.ERROR: No route found for "GET /css/images/ui-bg_highlight-soft_100_ffffff_1x100.png" [] []
[2012-10-16 20:46:27] avosoft.ERROR: No route found for "GET /css/images/ui-bg_glass_100_fdf5ce_1x400.png" [] []
[2012-10-16 20:50:15] avosoft.ERROR: SQLSTATE[28000] [1045] Access denied for user 'gg'@'localhost' (using password: YES) [] []
